<?xml version="1.0" encoding="UTF-8"?>
<!-- Generated by org.testng.reporters.JUnitXMLReporter -->
<testsuite hostname="NILAMMA-W10" name="Test" tests="23" failures="1" timestamp="3 Mar 2021 12:06:25 GMT" time="1164.088" errors="0">
  <testcase name="TS001_VerifyHomePageTest" time="121.35" classname="crmframework.crmAutomation.AccountPageTest"/>
  <testcase name="TS002_VerifyCreateNewAccountTest" time="46.562" classname="crmframework.crmAutomation.AccountPageTest"/>
  <testcase name="TS003_VerifyAddTimelineToAccountTest" time="40.931" classname="crmframework.crmAutomation.AccountPageTest"/>
  <testcase name="TS004_VerifyAddMarketingRelationshipOwnerToAccountTest" time="35.676" classname="crmframework.crmAutomation.AccountPageTest"/>
  <testcase name="TS005_VerifySearchAccountTest" time="4.249" classname="crmframework.crmAutomation.AccountPageTest"/>
  <testcase name="TS006_VerifyAuditHistoryTabOnAccountTest" time="31.638" classname="crmframework.crmAutomation.AccountPageTest"/>
  <testcase name="TS007_VerifyParentAccountTest" time="33.222" classname="crmframework.crmAutomation.AccountPageTest"/>
  <testcase name="TS008_VerifyAccountStatusToActivateAccountTest" time="43.771" classname="crmframework.crmAutomation.AccountPageTest"/>
  <testcase name="TS009_VerifyAccountStatusToDeactivateAccountTest" time="62.61" classname="crmframework.crmAutomation.AccountPageTest"/>
  <testcase name="TS010_VerifyBusinessRuleForPhoneNumberTest" time="42.129" classname="crmframework.crmAutomation.AccountPageTest"/>
  <testcase name="TS011_VerifyAddNoteToAccountTest" time="65.92" classname="crmframework.crmAutomation.AccountPageTest"/>
  <testcase name="TS012_VerifyAddNewPostToAccountTest" time="40.533" classname="crmframework.crmAutomation.AccountPageTest"/>
  <testcase name="TS013_VerifyPhoneCallOnAccountTest" time="53.509" classname="crmframework.crmAutomation.AccountPageTest"/>
  <testcase name="TS014_VerifyStateAndRegionInGridTest" time="48.991" classname="crmframework.crmAutomation.AccountPageTest"/>
  <testcase name="TS015_VerifyNamePhoneCityInGridTest" time="65.08" classname="crmframework.crmAutomation.AccountPageTest"/>
  <testcase name="TS016_VerifySearchusingAccountNameandPhoneTest" time="27.948" classname="crmframework.crmAutomation.AccountPageTest"/>
  <testcase name="TS019_VerifyUpdateAccountInformation" time="39.269" classname="crmframework.crmAutomation.AccountPageTest"/>
  <testcase name="TS020_VerifyAddContactTest" time="44.355" classname="crmframework.crmAutomation.AccountPageTest"/>
  <testcase name="TS021_VerifyUpdateContactsFromAccountFormTest" time="52.688" classname="crmframework.crmAutomation.AccountPageTest"/>
  <testcase name="TS022_VerifyMediaSegmentationFieldTest" time="87.651" classname="crmframework.crmAutomation.AccountPageTest"/>
  <testcase name="TS017_VerifyDuplicateAccountTest" time="91.649" classname="crmframework.crmAutomation.AccountPageTest"/>
  <testcase name="TS024_ManualFail_VerifyAssociatedContactsAccountStatusOfDeactivatedAccountTest" time="42.265" classname="crmframework.crmAutomation.AccountPageTest">
    <failure type="java.lang.AssertionError" message="expected [true] but found [false]">
      <![CDATA[java.lang.AssertionError: expected [true] but found [false]
	at crmframework.crmAutomation.AccountPageTest.TS024_ManualFail_VerifyAssociatedContactsAccountStatusOfDeactivatedAccountTest(AccountPageTest.java:1482)
... Removed 28 stack frames]]>
    </failure>
  </testcase> <!-- TS024_ManualFail_VerifyAssociatedContactsAccountStatusOfDeactivatedAccountTest -->
  <testcase name="TS018_VerifyDeactivateAccountTest" time="30.656" classname="crmframework.crmAutomation.AccountPageTest"/>
</testsuite> <!-- Test -->
