<?xml version="1.0" encoding="UTF-8"?>
<!-- Generated by org.testng.reporters.JUnitXMLReporter -->
<testsuite hostname="satishg-w10" name="Test" tests="3" failures="2" timestamp="2 Mar 2021 19:22:48 GMT" time="208.463" errors="0">
  <testcase name="TS001_VerifyHomePageTest" time="118.537" classname="crmframework.crmAutomation.AccountPageTest"/>
  <testcase name="TS014_VerifyPhoneCallOnAccountTest" time="79.559" classname="crmframework.crmAutomation.AccountPageTest">
    <failure type="org.openqa.selenium.NoSuchElementException" message="no such element: Unable to locate element: {&amp;quot;method&amp;quot;:&amp;quot;xpath&amp;quot;,&amp;quot;selector&amp;quot;:&amp;quot;//span[@class=&amp;apos;symbolFont BackButton-symbol pa-ak &amp;apos;]&amp;quot;}
  (Session info: chrome=88.0.4324.182)
For documentation on this error, please visit: http://seleniumhq.org/exceptions/no_such_element.html
Build info: version: &amp;apos;3.4.0&amp;apos;, revision: &amp;apos;unknown&amp;apos;, time: &amp;apos;unknown&amp;apos;
System info: host: &amp;apos;SATISHG-W10&amp;apos;, ip: &amp;apos;172.27.182.57&amp;apos;, os.name: &amp;apos;Windows 10&amp;apos;, os.arch: &amp;apos;amd64&amp;apos;, os.version: &amp;apos;10.0&amp;apos;, java.version: &amp;apos;1.8.0_271&amp;apos;
Driver info: org.openqa.selenium.chrome.ChromeDriver
Capabilities [{networkConnectionEnabled=false, chrome={chromedriverVersion=88.0.4324.96 (68dba2d8a0b149a1d3afac56fa74648032bcf46b-refs/branch-heads/4324@{#1784}), userDataDir=C:\Users\satishg\AppData\Local\Temp\scoped_dir26212_1188205207}, timeouts={implicit=0.0, pageLoad=300000.0, script=30000.0}, pageLoadStrategy=normal, unhandledPromptBehavior=dismiss and notify, strictFileInteractability=false, platform=ANY, proxy=Proxy(), goog:chromeOptions={debuggerAddress=localhost:53496}, acceptInsecureCerts=false, browserVersion=88.0.4324.182, browserName=chrome, javascriptEnabled=true, platformName=windows, setWindowRect=true, webauthn:extension:largeBlob=true, webauthn:virtualAuthenticators=true}]
Session ID: 301e0af5c982f69df1750c50026ce03d
*** Element info: {Using=xpath, value=//span[@class=&amp;apos;symbolFont BackButton-symbol pa-ak &amp;apos;]}">
      <![CDATA[org.openqa.selenium.NoSuchElementException: no such element: Unable to locate element: {"method":"xpath","selector":"//span[@class='symbolFont BackButton-symbol pa-ak ']"}
  (Session info: chrome=88.0.4324.182)
For documentation on this error, please visit: http://seleniumhq.org/exceptions/no_such_element.html
Build info: version: '3.4.0', revision: 'unknown', time: 'unknown'
System info: host: 'SATISHG-W10', ip: '172.27.182.57', os.name: 'Windows 10', os.arch: 'amd64', os.version: '10.0', java.version: '1.8.0_271'
Driver info: org.openqa.selenium.chrome.ChromeDriver
Capabilities [{networkConnectionEnabled=false, chrome={chromedriverVersion=88.0.4324.96 (68dba2d8a0b149a1d3afac56fa74648032bcf46b-refs/branch-heads/4324@{#1784}), userDataDir=C:\Users\satishg\AppData\Local\Temp\scoped_dir26212_1188205207}, timeouts={implicit=0.0, pageLoad=300000.0, script=30000.0}, pageLoadStrategy=normal, unhandledPromptBehavior=dismiss and notify, strictFileInteractability=false, platform=ANY, proxy=Proxy(), goog:chromeOptions={debuggerAddress=localhost:53496}, acceptInsecureCerts=false, browserVersion=88.0.4324.182, browserName=chrome, javascriptEnabled=true, platformName=windows, setWindowRect=true, webauthn:extension:largeBlob=true, webauthn:virtualAuthenticators=true}]
Session ID: 301e0af5c982f69df1750c50026ce03d
*** Element info: {Using=xpath, value=//span[@class='symbolFont BackButton-symbol pa-ak ']}
	at org.openqa.selenium.remote.http.W3CHttpResponseCodec.createException(W3CHttpResponseCodec.java:150)
	at org.openqa.selenium.remote.http.W3CHttpResponseCodec.decode(W3CHttpResponseCodec.java:115)
	at org.openqa.selenium.remote.http.W3CHttpResponseCodec.decode(W3CHttpResponseCodec.java:45)
	at org.openqa.selenium.remote.HttpCommandExecutor.execute(HttpCommandExecutor.java:164)
	at org.openqa.selenium.remote.service.DriverCommandExecutor.execute(DriverCommandExecutor.java:82)
	at org.openqa.selenium.remote.RemoteWebDriver.execute(RemoteWebDriver.java:637)
	at org.openqa.selenium.remote.RemoteWebDriver.findElement(RemoteWebDriver.java:410)
	at org.openqa.selenium.remote.RemoteWebDriver.findElementByXPath(RemoteWebDriver.java:509)
	at org.openqa.selenium.By$ByXPath.findElement(By.java:361)
	at org.openqa.selenium.remote.RemoteWebDriver.findElement(RemoteWebDriver.java:402)
	at pageObjects.CRMAccountsPage.getAccPageBackBtn(CRMAccountsPage.java:343)
	at crmframework.crmAutomation.AccountPageTest.TS014_VerifyPhoneCallOnAccountTest(AccountPageTest.java:746)
... Removed 28 stack frames]]>
    </failure>
  </testcase> <!-- TS014_VerifyPhoneCallOnAccountTest -->
  <testcase name="TS019_VerifyExportToExcelTest" time="5.399" classname="crmframework.crmAutomation.AccountPageTest">
    <failure type="org.openqa.selenium.WebDriverException" message="element click intercepted: Element &amp;lt;span id=&amp;quot;dialogButtonText_id-354b0de9-4dbd-4017-ba1b-96330a320739-2&amp;quot; class=&amp;quot;pa-cz pa-cl pa-m pa-cm pa-v pa-e pa-au &amp;quot;&amp;gt;...&amp;lt;/span&amp;gt; is not clickable at point (1141, 542). Other element would receive the click: &amp;lt;div id=&amp;quot;appProgressIndicatorContent&amp;quot; aria-hidden=&amp;quot;true&amp;quot; data-id=&amp;quot;appProgressIndicatorContent&amp;quot; class=&amp;quot;pa-lh pa-lg pa-ip pa-as pa-au pa-b flexbox&amp;quot;&amp;gt;...&amp;lt;/div&amp;gt;
  (Session info: chrome=88.0.4324.182)
Build info: version: &amp;apos;3.4.0&amp;apos;, revision: &amp;apos;unknown&amp;apos;, time: &amp;apos;unknown&amp;apos;
System info: host: &amp;apos;SATISHG-W10&amp;apos;, ip: &amp;apos;172.27.182.57&amp;apos;, os.name: &amp;apos;Windows 10&amp;apos;, os.arch: &amp;apos;amd64&amp;apos;, os.version: &amp;apos;10.0&amp;apos;, java.version: &amp;apos;1.8.0_271&amp;apos;
Driver info: org.openqa.selenium.chrome.ChromeDriver
Capabilities [{networkConnectionEnabled=false, chrome={chromedriverVersion=88.0.4324.96 (68dba2d8a0b149a1d3afac56fa74648032bcf46b-refs/branch-heads/4324@{#1784}), userDataDir=C:\Users\satishg\AppData\Local\Temp\scoped_dir26212_1188205207}, timeouts={implicit=0.0, pageLoad=300000.0, script=30000.0}, pageLoadStrategy=normal, unhandledPromptBehavior=dismiss and notify, strictFileInteractability=false, platform=ANY, proxy=Proxy(), goog:chromeOptions={debuggerAddress=localhost:53496}, acceptInsecureCerts=false, browserVersion=88.0.4324.182, browserName=chrome, javascriptEnabled=true, platformName=windows, setWindowRect=true, webauthn:extension:largeBlob=true, webauthn:virtualAuthenticators=true}]
Session ID: 301e0af5c982f69df1750c50026ce03d">
      <![CDATA[org.openqa.selenium.WebDriverException: element click intercepted: Element <span id="dialogButtonText_id-354b0de9-4dbd-4017-ba1b-96330a320739-2" class="pa-cz pa-cl pa-m pa-cm pa-v pa-e pa-au ">...</span> is not clickable at point (1141, 542). Other element would receive the click: <div id="appProgressIndicatorContent" aria-hidden="true" data-id="appProgressIndicatorContent" class="pa-lh pa-lg pa-ip pa-as pa-au pa-b flexbox">...</div>
  (Session info: chrome=88.0.4324.182)
Build info: version: '3.4.0', revision: 'unknown', time: 'unknown'
System info: host: 'SATISHG-W10', ip: '172.27.182.57', os.name: 'Windows 10', os.arch: 'amd64', os.version: '10.0', java.version: '1.8.0_271'
Driver info: org.openqa.selenium.chrome.ChromeDriver
Capabilities [{networkConnectionEnabled=false, chrome={chromedriverVersion=88.0.4324.96 (68dba2d8a0b149a1d3afac56fa74648032bcf46b-refs/branch-heads/4324@{#1784}), userDataDir=C:\Users\satishg\AppData\Local\Temp\scoped_dir26212_1188205207}, timeouts={implicit=0.0, pageLoad=300000.0, script=30000.0}, pageLoadStrategy=normal, unhandledPromptBehavior=dismiss and notify, strictFileInteractability=false, platform=ANY, proxy=Proxy(), goog:chromeOptions={debuggerAddress=localhost:53496}, acceptInsecureCerts=false, browserVersion=88.0.4324.182, browserName=chrome, javascriptEnabled=true, platformName=windows, setWindowRect=true, webauthn:extension:largeBlob=true, webauthn:virtualAuthenticators=true}]
Session ID: 301e0af5c982f69df1750c50026ce03d
	at org.openqa.selenium.remote.http.W3CHttpResponseCodec.createException(W3CHttpResponseCodec.java:150)
	at org.openqa.selenium.remote.http.W3CHttpResponseCodec.decode(W3CHttpResponseCodec.java:115)
	at org.openqa.selenium.remote.http.W3CHttpResponseCodec.decode(W3CHttpResponseCodec.java:45)
	at org.openqa.selenium.remote.HttpCommandExecutor.execute(HttpCommandExecutor.java:164)
	at org.openqa.selenium.remote.service.DriverCommandExecutor.execute(DriverCommandExecutor.java:82)
	at org.openqa.selenium.remote.RemoteWebDriver.execute(RemoteWebDriver.java:637)
	at org.openqa.selenium.remote.RemoteWebElement.execute(RemoteWebElement.java:272)
	at org.openqa.selenium.remote.RemoteWebElement.click(RemoteWebElement.java:82)
	at crmframework.crmAutomation.AccountPageTest.TS019_VerifyExportToExcelTest(AccountPageTest.java:1117)
... Removed 28 stack frames]]>
    </failure>
  </testcase> <!-- TS019_VerifyExportToExcelTest -->
</testsuite> <!-- Test -->
