<?xml version="1.0" encoding="UTF-8"?>
<!-- Generated by org.testng.reporters.JUnitXMLReporter -->
<testsuite hostname="satishg-w10" name="Test" tests="25" failures="7" timestamp="3 Mar 2021 07:06:59 GMT" time="914.653" errors="0">
  <testcase name="TS001_VerifyHomePageTest" time="122.014" classname="crmframework.crmAutomation.AccountPageTest"/>
  <testcase name="TS002_VerifyCreateNewAccountTest" time="40.536" classname="crmframework.crmAutomation.AccountPageTest"/>
  <testcase name="TS003_VerifyAddTimelineToAccountTest" time="41.003" classname="crmframework.crmAutomation.AccountPageTest"/>
  <testcase name="TS004_VerifyAddMarketingRelationshipOwnerToAccountTest" time="35.349" classname="crmframework.crmAutomation.AccountPageTest"/>
  <testcase name="TS005_VerifySearchAccountTest" time="3.483" classname="crmframework.crmAutomation.AccountPageTest"/>
  <testcase name="TS006_VerifyAuditHistoryTabOnAccountTest" time="30.073" classname="crmframework.crmAutomation.AccountPageTest"/>
  <testcase name="TS007_VerifyParentAccountTest" time="31.37" classname="crmframework.crmAutomation.AccountPageTest"/>
  <testcase name="TS008_VerifyAccountStatusToActivateAccountTest" time="37.821" classname="crmframework.crmAutomation.AccountPageTest"/>
  <testcase name="TS009_VerifyAccountStatusToDeactivateAccountTest" time="35.724" classname="crmframework.crmAutomation.AccountPageTest"/>
  <testcase name="TS010_VerifyBusinessRuleForPhoneNumberTest" time="36.006" classname="crmframework.crmAutomation.AccountPageTest"/>
  <testcase name="TS011_VerifyAddNoteToAccountTest" time="62.824" classname="crmframework.crmAutomation.AccountPageTest"/>
  <testcase name="TS012_VerifyAddNewPostToAccountTest" time="37.208" classname="crmframework.crmAutomation.AccountPageTest"/>
  <testcase name="TS013_VerifyPhoneCallOnAccountTest" time="48.964" classname="crmframework.crmAutomation.AccountPageTest"/>
  <testcase name="TS014_VerifyStateAndRegionInGridTest" time="36.659" classname="crmframework.crmAutomation.AccountPageTest"/>
  <testcase name="TS015_VerifyNamePhoneCityInGridTest" time="64.339" classname="crmframework.crmAutomation.AccountPageTest"/>
  <testcase name="TS016_VerifySearchusingAccountNameandPhoneTest" time="27.298" classname="crmframework.crmAutomation.AccountPageTest"/>
  <testcase name="TS019_VerifyUpdateAccountInformation" time="64.493" classname="crmframework.crmAutomation.AccountPageTest">
    <failure type="org.openqa.selenium.NoSuchElementException" message="no such element: Unable to locate element: {&amp;quot;method&amp;quot;:&amp;quot;xpath&amp;quot;,&amp;quot;selector&amp;quot;:&amp;quot;//div[@data-id=&amp;apos;cell-0-2&amp;apos;]&amp;quot;}
  (Session info: chrome=88.0.4324.182)
For documentation on this error, please visit: http://seleniumhq.org/exceptions/no_such_element.html
Build info: version: &amp;apos;3.4.0&amp;apos;, revision: &amp;apos;unknown&amp;apos;, time: &amp;apos;unknown&amp;apos;
System info: host: &amp;apos;SATISHG-W10&amp;apos;, ip: &amp;apos;172.27.182.57&amp;apos;, os.name: &amp;apos;Windows 10&amp;apos;, os.arch: &amp;apos;amd64&amp;apos;, os.version: &amp;apos;10.0&amp;apos;, java.version: &amp;apos;1.8.0_271&amp;apos;
Driver info: org.openqa.selenium.chrome.ChromeDriver
Capabilities [{networkConnectionEnabled=false, chrome={chromedriverVersion=88.0.4324.96 (68dba2d8a0b149a1d3afac56fa74648032bcf46b-refs/branch-heads/4324@{#1784}), userDataDir=C:\Users\satishg\AppData\Local\Temp\scoped_dir16140_399684484}, timeouts={implicit=0.0, pageLoad=300000.0, script=30000.0}, pageLoadStrategy=normal, unhandledPromptBehavior=dismiss and notify, strictFileInteractability=false, platform=ANY, proxy=Proxy(), goog:chromeOptions={debuggerAddress=localhost:54594}, acceptInsecureCerts=false, browserVersion=88.0.4324.182, browserName=chrome, javascriptEnabled=true, platformName=windows, setWindowRect=true, webauthn:extension:largeBlob=true, webauthn:virtualAuthenticators=true}]
Session ID: da15599ba104ef1355454d53eb941132
*** Element info: {Using=xpath, value=//div[@data-id=&amp;apos;cell-0-2&amp;apos;]}">
      <![CDATA[org.openqa.selenium.NoSuchElementException: no such element: Unable to locate element: {"method":"xpath","selector":"//div[@data-id='cell-0-2']"}
  (Session info: chrome=88.0.4324.182)
For documentation on this error, please visit: http://seleniumhq.org/exceptions/no_such_element.html
Build info: version: '3.4.0', revision: 'unknown', time: 'unknown'
System info: host: 'SATISHG-W10', ip: '172.27.182.57', os.name: 'Windows 10', os.arch: 'amd64', os.version: '10.0', java.version: '1.8.0_271'
Driver info: org.openqa.selenium.chrome.ChromeDriver
Capabilities [{networkConnectionEnabled=false, chrome={chromedriverVersion=88.0.4324.96 (68dba2d8a0b149a1d3afac56fa74648032bcf46b-refs/branch-heads/4324@{#1784}), userDataDir=C:\Users\satishg\AppData\Local\Temp\scoped_dir16140_399684484}, timeouts={implicit=0.0, pageLoad=300000.0, script=30000.0}, pageLoadStrategy=normal, unhandledPromptBehavior=dismiss and notify, strictFileInteractability=false, platform=ANY, proxy=Proxy(), goog:chromeOptions={debuggerAddress=localhost:54594}, acceptInsecureCerts=false, browserVersion=88.0.4324.182, browserName=chrome, javascriptEnabled=true, platformName=windows, setWindowRect=true, webauthn:extension:largeBlob=true, webauthn:virtualAuthenticators=true}]
Session ID: da15599ba104ef1355454d53eb941132
*** Element info: {Using=xpath, value=//div[@data-id='cell-0-2']}
	at org.openqa.selenium.remote.http.W3CHttpResponseCodec.createException(W3CHttpResponseCodec.java:150)
	at org.openqa.selenium.remote.http.W3CHttpResponseCodec.decode(W3CHttpResponseCodec.java:115)
	at org.openqa.selenium.remote.http.W3CHttpResponseCodec.decode(W3CHttpResponseCodec.java:45)
	at org.openqa.selenium.remote.HttpCommandExecutor.execute(HttpCommandExecutor.java:164)
	at org.openqa.selenium.remote.service.DriverCommandExecutor.execute(DriverCommandExecutor.java:82)
	at org.openqa.selenium.remote.RemoteWebDriver.execute(RemoteWebDriver.java:637)
	at org.openqa.selenium.remote.RemoteWebDriver.findElement(RemoteWebDriver.java:410)
	at org.openqa.selenium.remote.RemoteWebDriver.findElementByXPath(RemoteWebDriver.java:509)
	at org.openqa.selenium.By$ByXPath.findElement(By.java:361)
	at org.openqa.selenium.remote.RemoteWebDriver.findElement(RemoteWebDriver.java:402)
	at pageObjects.CRMAccountsPage.getAccountNameSearchTable(CRMAccountsPage.java:231)
	at crmframework.crmAutomation.AccountPageTest.TS019_VerifyUpdateAccountInformation(AccountPageTest.java:1110)
... Removed 28 stack frames]]>
    </failure>
  </testcase> <!-- TS019_VerifyUpdateAccountInformation -->
  <testcase name="TS020_VerifyAddContactTest" time="42.426" classname="crmframework.crmAutomation.AccountPageTest"/>
  <testcase name="TS021_VerifyUpdateContactsFromAccountFormTest" time="7.258" classname="crmframework.crmAutomation.AccountPageTest">
    <failure type="org.openqa.selenium.StaleElementReferenceException" message="stale element reference: element is not attached to the page document
  (Session info: chrome=88.0.4324.182)
For documentation on this error, please visit: http://seleniumhq.org/exceptions/stale_element_reference.html
Build info: version: &amp;apos;3.4.0&amp;apos;, revision: &amp;apos;unknown&amp;apos;, time: &amp;apos;unknown&amp;apos;
System info: host: &amp;apos;SATISHG-W10&amp;apos;, ip: &amp;apos;172.27.182.57&amp;apos;, os.name: &amp;apos;Windows 10&amp;apos;, os.arch: &amp;apos;amd64&amp;apos;, os.version: &amp;apos;10.0&amp;apos;, java.version: &amp;apos;1.8.0_271&amp;apos;
Driver info: org.openqa.selenium.chrome.ChromeDriver
Capabilities [{networkConnectionEnabled=false, chrome={chromedriverVersion=88.0.4324.96 (68dba2d8a0b149a1d3afac56fa74648032bcf46b-refs/branch-heads/4324@{#1784}), userDataDir=C:\Users\satishg\AppData\Local\Temp\scoped_dir16140_399684484}, timeouts={implicit=0.0, pageLoad=300000.0, script=30000.0}, pageLoadStrategy=normal, unhandledPromptBehavior=dismiss and notify, strictFileInteractability=false, platform=ANY, proxy=Proxy(), goog:chromeOptions={debuggerAddress=localhost:54594}, acceptInsecureCerts=false, browserVersion=88.0.4324.182, browserName=chrome, javascriptEnabled=true, platformName=windows, setWindowRect=true, webauthn:extension:largeBlob=true, webauthn:virtualAuthenticators=true}]
Session ID: da15599ba104ef1355454d53eb941132">
      <![CDATA[org.openqa.selenium.StaleElementReferenceException: stale element reference: element is not attached to the page document
  (Session info: chrome=88.0.4324.182)
For documentation on this error, please visit: http://seleniumhq.org/exceptions/stale_element_reference.html
Build info: version: '3.4.0', revision: 'unknown', time: 'unknown'
System info: host: 'SATISHG-W10', ip: '172.27.182.57', os.name: 'Windows 10', os.arch: 'amd64', os.version: '10.0', java.version: '1.8.0_271'
Driver info: org.openqa.selenium.chrome.ChromeDriver
Capabilities [{networkConnectionEnabled=false, chrome={chromedriverVersion=88.0.4324.96 (68dba2d8a0b149a1d3afac56fa74648032bcf46b-refs/branch-heads/4324@{#1784}), userDataDir=C:\Users\satishg\AppData\Local\Temp\scoped_dir16140_399684484}, timeouts={implicit=0.0, pageLoad=300000.0, script=30000.0}, pageLoadStrategy=normal, unhandledPromptBehavior=dismiss and notify, strictFileInteractability=false, platform=ANY, proxy=Proxy(), goog:chromeOptions={debuggerAddress=localhost:54594}, acceptInsecureCerts=false, browserVersion=88.0.4324.182, browserName=chrome, javascriptEnabled=true, platformName=windows, setWindowRect=true, webauthn:extension:largeBlob=true, webauthn:virtualAuthenticators=true}]
Session ID: da15599ba104ef1355454d53eb941132
	at org.openqa.selenium.remote.http.W3CHttpResponseCodec.createException(W3CHttpResponseCodec.java:150)
	at org.openqa.selenium.remote.http.W3CHttpResponseCodec.decode(W3CHttpResponseCodec.java:115)
	at org.openqa.selenium.remote.http.W3CHttpResponseCodec.decode(W3CHttpResponseCodec.java:45)
	at org.openqa.selenium.remote.HttpCommandExecutor.execute(HttpCommandExecutor.java:164)
	at org.openqa.selenium.remote.service.DriverCommandExecutor.execute(DriverCommandExecutor.java:82)
	at org.openqa.selenium.remote.RemoteWebDriver.execute(RemoteWebDriver.java:637)
	at org.openqa.selenium.remote.RemoteWebElement.execute(RemoteWebElement.java:272)
	at org.openqa.selenium.remote.RemoteWebElement.click(RemoteWebElement.java:82)
	at crmframework.crmAutomation.AccountPageTest.TS021_VerifyUpdateContactsFromAccountFormTest(AccountPageTest.java:1208)
... Removed 28 stack frames]]>
    </failure>
  </testcase> <!-- TS021_VerifyUpdateContactsFromAccountFormTest -->
  <testcase name="TS022_VerifyMediaSegmentationFieldTest" time="88.912" classname="crmframework.crmAutomation.AccountPageTest"/>
  <testcase name="TS023_VerifyExportToExcelTest" time="7.195" classname="crmframework.crmAutomation.AccountPageTest">
    <failure type="org.openqa.selenium.WebDriverException" message="element click intercepted: Element &amp;lt;span id=&amp;quot;dialogButtonText_id-354b0de9-4dbd-4017-ba1b-96330a320739-2&amp;quot; class=&amp;quot;pa-cz pa-cl pa-m pa-cm pa-v pa-e pa-au &amp;quot;&amp;gt;...&amp;lt;/span&amp;gt; is not clickable at point (1141, 542). Other element would receive the click: &amp;lt;div id=&amp;quot;appProgressIndicatorContent&amp;quot; aria-hidden=&amp;quot;true&amp;quot; data-id=&amp;quot;appProgressIndicatorContent&amp;quot; class=&amp;quot;pa-lc pa-lb pa-io pa-as pa-au pa-b flexbox&amp;quot;&amp;gt;...&amp;lt;/div&amp;gt;
  (Session info: chrome=88.0.4324.182)
Build info: version: &amp;apos;3.4.0&amp;apos;, revision: &amp;apos;unknown&amp;apos;, time: &amp;apos;unknown&amp;apos;
System info: host: &amp;apos;SATISHG-W10&amp;apos;, ip: &amp;apos;172.27.182.57&amp;apos;, os.name: &amp;apos;Windows 10&amp;apos;, os.arch: &amp;apos;amd64&amp;apos;, os.version: &amp;apos;10.0&amp;apos;, java.version: &amp;apos;1.8.0_271&amp;apos;
Driver info: org.openqa.selenium.chrome.ChromeDriver
Capabilities [{networkConnectionEnabled=false, chrome={chromedriverVersion=88.0.4324.96 (68dba2d8a0b149a1d3afac56fa74648032bcf46b-refs/branch-heads/4324@{#1784}), userDataDir=C:\Users\satishg\AppData\Local\Temp\scoped_dir16140_399684484}, timeouts={implicit=0.0, pageLoad=300000.0, script=30000.0}, pageLoadStrategy=normal, unhandledPromptBehavior=dismiss and notify, strictFileInteractability=false, platform=ANY, proxy=Proxy(), goog:chromeOptions={debuggerAddress=localhost:54594}, acceptInsecureCerts=false, browserVersion=88.0.4324.182, browserName=chrome, javascriptEnabled=true, platformName=windows, setWindowRect=true, webauthn:extension:largeBlob=true, webauthn:virtualAuthenticators=true}]
Session ID: da15599ba104ef1355454d53eb941132">
      <![CDATA[org.openqa.selenium.WebDriverException: element click intercepted: Element <span id="dialogButtonText_id-354b0de9-4dbd-4017-ba1b-96330a320739-2" class="pa-cz pa-cl pa-m pa-cm pa-v pa-e pa-au ">...</span> is not clickable at point (1141, 542). Other element would receive the click: <div id="appProgressIndicatorContent" aria-hidden="true" data-id="appProgressIndicatorContent" class="pa-lc pa-lb pa-io pa-as pa-au pa-b flexbox">...</div>
  (Session info: chrome=88.0.4324.182)
Build info: version: '3.4.0', revision: 'unknown', time: 'unknown'
System info: host: 'SATISHG-W10', ip: '172.27.182.57', os.name: 'Windows 10', os.arch: 'amd64', os.version: '10.0', java.version: '1.8.0_271'
Driver info: org.openqa.selenium.chrome.ChromeDriver
Capabilities [{networkConnectionEnabled=false, chrome={chromedriverVersion=88.0.4324.96 (68dba2d8a0b149a1d3afac56fa74648032bcf46b-refs/branch-heads/4324@{#1784}), userDataDir=C:\Users\satishg\AppData\Local\Temp\scoped_dir16140_399684484}, timeouts={implicit=0.0, pageLoad=300000.0, script=30000.0}, pageLoadStrategy=normal, unhandledPromptBehavior=dismiss and notify, strictFileInteractability=false, platform=ANY, proxy=Proxy(), goog:chromeOptions={debuggerAddress=localhost:54594}, acceptInsecureCerts=false, browserVersion=88.0.4324.182, browserName=chrome, javascriptEnabled=true, platformName=windows, setWindowRect=true, webauthn:extension:largeBlob=true, webauthn:virtualAuthenticators=true}]
Session ID: da15599ba104ef1355454d53eb941132
	at org.openqa.selenium.remote.http.W3CHttpResponseCodec.createException(W3CHttpResponseCodec.java:150)
	at org.openqa.selenium.remote.http.W3CHttpResponseCodec.decode(W3CHttpResponseCodec.java:115)
	at org.openqa.selenium.remote.http.W3CHttpResponseCodec.decode(W3CHttpResponseCodec.java:45)
	at org.openqa.selenium.remote.HttpCommandExecutor.execute(HttpCommandExecutor.java:164)
	at org.openqa.selenium.remote.service.DriverCommandExecutor.execute(DriverCommandExecutor.java:82)
	at org.openqa.selenium.remote.RemoteWebDriver.execute(RemoteWebDriver.java:637)
	at org.openqa.selenium.remote.RemoteWebElement.execute(RemoteWebElement.java:272)
	at org.openqa.selenium.remote.RemoteWebElement.click(RemoteWebElement.java:82)
	at crmframework.crmAutomation.AccountPageTest.TS023_VerifyExportToExcelTest(AccountPageTest.java:1354)
... Removed 28 stack frames]]>
    </failure>
  </testcase> <!-- TS023_VerifyExportToExcelTest -->
  <testcase name="TS024_ManualFail_VerifyAssociatedContactsAccountStatusOfDeactivatedAccountTest" time="1.121" classname="crmframework.crmAutomation.AccountPageTest">
    <failure type="org.openqa.selenium.WebDriverException" message="element click intercepted: Element &amp;lt;span class=&amp;quot;pa-br pa-at pa-ci pa-cj pa-ck pa-cl pa-v pa-ay pa-cm &amp;quot;&amp;gt;...&amp;lt;/span&amp;gt; is not clickable at point (72, 469). Other element would receive the click: &amp;lt;div id=&amp;quot;appProgressIndicatorContent&amp;quot; aria-hidden=&amp;quot;true&amp;quot; data-id=&amp;quot;appProgressIndicatorContent&amp;quot; class=&amp;quot;pa-lc pa-lb pa-io pa-as pa-au pa-b flexbox&amp;quot;&amp;gt;...&amp;lt;/div&amp;gt;
  (Session info: chrome=88.0.4324.182)
Build info: version: &amp;apos;3.4.0&amp;apos;, revision: &amp;apos;unknown&amp;apos;, time: &amp;apos;unknown&amp;apos;
System info: host: &amp;apos;SATISHG-W10&amp;apos;, ip: &amp;apos;172.27.182.57&amp;apos;, os.name: &amp;apos;Windows 10&amp;apos;, os.arch: &amp;apos;amd64&amp;apos;, os.version: &amp;apos;10.0&amp;apos;, java.version: &amp;apos;1.8.0_271&amp;apos;
Driver info: org.openqa.selenium.chrome.ChromeDriver
Capabilities [{networkConnectionEnabled=false, chrome={chromedriverVersion=88.0.4324.96 (68dba2d8a0b149a1d3afac56fa74648032bcf46b-refs/branch-heads/4324@{#1784}), userDataDir=C:\Users\satishg\AppData\Local\Temp\scoped_dir16140_399684484}, timeouts={implicit=0.0, pageLoad=300000.0, script=30000.0}, pageLoadStrategy=normal, unhandledPromptBehavior=dismiss and notify, strictFileInteractability=false, platform=ANY, proxy=Proxy(), goog:chromeOptions={debuggerAddress=localhost:54594}, acceptInsecureCerts=false, browserVersion=88.0.4324.182, browserName=chrome, javascriptEnabled=true, platformName=windows, setWindowRect=true, webauthn:extension:largeBlob=true, webauthn:virtualAuthenticators=true}]
Session ID: da15599ba104ef1355454d53eb941132">
      <![CDATA[org.openqa.selenium.WebDriverException: element click intercepted: Element <span class="pa-br pa-at pa-ci pa-cj pa-ck pa-cl pa-v pa-ay pa-cm ">...</span> is not clickable at point (72, 469). Other element would receive the click: <div id="appProgressIndicatorContent" aria-hidden="true" data-id="appProgressIndicatorContent" class="pa-lc pa-lb pa-io pa-as pa-au pa-b flexbox">...</div>
  (Session info: chrome=88.0.4324.182)
Build info: version: '3.4.0', revision: 'unknown', time: 'unknown'
System info: host: 'SATISHG-W10', ip: '172.27.182.57', os.name: 'Windows 10', os.arch: 'amd64', os.version: '10.0', java.version: '1.8.0_271'
Driver info: org.openqa.selenium.chrome.ChromeDriver
Capabilities [{networkConnectionEnabled=false, chrome={chromedriverVersion=88.0.4324.96 (68dba2d8a0b149a1d3afac56fa74648032bcf46b-refs/branch-heads/4324@{#1784}), userDataDir=C:\Users\satishg\AppData\Local\Temp\scoped_dir16140_399684484}, timeouts={implicit=0.0, pageLoad=300000.0, script=30000.0}, pageLoadStrategy=normal, unhandledPromptBehavior=dismiss and notify, strictFileInteractability=false, platform=ANY, proxy=Proxy(), goog:chromeOptions={debuggerAddress=localhost:54594}, acceptInsecureCerts=false, browserVersion=88.0.4324.182, browserName=chrome, javascriptEnabled=true, platformName=windows, setWindowRect=true, webauthn:extension:largeBlob=true, webauthn:virtualAuthenticators=true}]
Session ID: da15599ba104ef1355454d53eb941132
	at org.openqa.selenium.remote.http.W3CHttpResponseCodec.createException(W3CHttpResponseCodec.java:150)
	at org.openqa.selenium.remote.http.W3CHttpResponseCodec.decode(W3CHttpResponseCodec.java:115)
	at org.openqa.selenium.remote.http.W3CHttpResponseCodec.decode(W3CHttpResponseCodec.java:45)
	at org.openqa.selenium.remote.HttpCommandExecutor.execute(HttpCommandExecutor.java:164)
	at org.openqa.selenium.remote.service.DriverCommandExecutor.execute(DriverCommandExecutor.java:82)
	at org.openqa.selenium.remote.RemoteWebDriver.execute(RemoteWebDriver.java:637)
	at org.openqa.selenium.remote.RemoteWebElement.execute(RemoteWebElement.java:272)
	at org.openqa.selenium.remote.RemoteWebElement.click(RemoteWebElement.java:82)
	at crmframework.crmAutomation.AccountPageTest.TS024_ManualFail_VerifyAssociatedContactsAccountStatusOfDeactivatedAccountTest(AccountPageTest.java:1413)
... Removed 28 stack frames]]>
    </failure>
  </testcase> <!-- TS024_ManualFail_VerifyAssociatedContactsAccountStatusOfDeactivatedAccountTest -->
  <testcase name="TS025_VerifyBusinessRuleForAddressTest" time="1.145" classname="crmframework.crmAutomation.AccountPageTest">
    <failure type="org.openqa.selenium.WebDriverException" message="element click intercepted: Element &amp;lt;span class=&amp;quot;pa-br pa-at pa-ci pa-cj pa-ck pa-cl pa-v pa-ay pa-cm &amp;quot;&amp;gt;...&amp;lt;/span&amp;gt; is not clickable at point (72, 469). Other element would receive the click: &amp;lt;div id=&amp;quot;appProgressIndicatorContent&amp;quot; aria-hidden=&amp;quot;true&amp;quot; data-id=&amp;quot;appProgressIndicatorContent&amp;quot; class=&amp;quot;pa-lc pa-lb pa-io pa-as pa-au pa-b flexbox&amp;quot;&amp;gt;...&amp;lt;/div&amp;gt;
  (Session info: chrome=88.0.4324.182)
Build info: version: &amp;apos;3.4.0&amp;apos;, revision: &amp;apos;unknown&amp;apos;, time: &amp;apos;unknown&amp;apos;
System info: host: &amp;apos;SATISHG-W10&amp;apos;, ip: &amp;apos;172.27.182.57&amp;apos;, os.name: &amp;apos;Windows 10&amp;apos;, os.arch: &amp;apos;amd64&amp;apos;, os.version: &amp;apos;10.0&amp;apos;, java.version: &amp;apos;1.8.0_271&amp;apos;
Driver info: org.openqa.selenium.chrome.ChromeDriver
Capabilities [{networkConnectionEnabled=false, chrome={chromedriverVersion=88.0.4324.96 (68dba2d8a0b149a1d3afac56fa74648032bcf46b-refs/branch-heads/4324@{#1784}), userDataDir=C:\Users\satishg\AppData\Local\Temp\scoped_dir16140_399684484}, timeouts={implicit=0.0, pageLoad=300000.0, script=30000.0}, pageLoadStrategy=normal, unhandledPromptBehavior=dismiss and notify, strictFileInteractability=false, platform=ANY, proxy=Proxy(), goog:chromeOptions={debuggerAddress=localhost:54594}, acceptInsecureCerts=false, browserVersion=88.0.4324.182, browserName=chrome, javascriptEnabled=true, platformName=windows, setWindowRect=true, webauthn:extension:largeBlob=true, webauthn:virtualAuthenticators=true}]
Session ID: da15599ba104ef1355454d53eb941132">
      <![CDATA[org.openqa.selenium.WebDriverException: element click intercepted: Element <span class="pa-br pa-at pa-ci pa-cj pa-ck pa-cl pa-v pa-ay pa-cm ">...</span> is not clickable at point (72, 469). Other element would receive the click: <div id="appProgressIndicatorContent" aria-hidden="true" data-id="appProgressIndicatorContent" class="pa-lc pa-lb pa-io pa-as pa-au pa-b flexbox">...</div>
  (Session info: chrome=88.0.4324.182)
Build info: version: '3.4.0', revision: 'unknown', time: 'unknown'
System info: host: 'SATISHG-W10', ip: '172.27.182.57', os.name: 'Windows 10', os.arch: 'amd64', os.version: '10.0', java.version: '1.8.0_271'
Driver info: org.openqa.selenium.chrome.ChromeDriver
Capabilities [{networkConnectionEnabled=false, chrome={chromedriverVersion=88.0.4324.96 (68dba2d8a0b149a1d3afac56fa74648032bcf46b-refs/branch-heads/4324@{#1784}), userDataDir=C:\Users\satishg\AppData\Local\Temp\scoped_dir16140_399684484}, timeouts={implicit=0.0, pageLoad=300000.0, script=30000.0}, pageLoadStrategy=normal, unhandledPromptBehavior=dismiss and notify, strictFileInteractability=false, platform=ANY, proxy=Proxy(), goog:chromeOptions={debuggerAddress=localhost:54594}, acceptInsecureCerts=false, browserVersion=88.0.4324.182, browserName=chrome, javascriptEnabled=true, platformName=windows, setWindowRect=true, webauthn:extension:largeBlob=true, webauthn:virtualAuthenticators=true}]
Session ID: da15599ba104ef1355454d53eb941132
	at org.openqa.selenium.remote.http.W3CHttpResponseCodec.createException(W3CHttpResponseCodec.java:150)
	at org.openqa.selenium.remote.http.W3CHttpResponseCodec.decode(W3CHttpResponseCodec.java:115)
	at org.openqa.selenium.remote.http.W3CHttpResponseCodec.decode(W3CHttpResponseCodec.java:45)
	at org.openqa.selenium.remote.HttpCommandExecutor.execute(HttpCommandExecutor.java:164)
	at org.openqa.selenium.remote.service.DriverCommandExecutor.execute(DriverCommandExecutor.java:82)
	at org.openqa.selenium.remote.RemoteWebDriver.execute(RemoteWebDriver.java:637)
	at org.openqa.selenium.remote.RemoteWebElement.execute(RemoteWebElement.java:272)
	at org.openqa.selenium.remote.RemoteWebElement.click(RemoteWebElement.java:82)
	at crmframework.crmAutomation.AccountPageTest.TS025_VerifyBusinessRuleForAddressTest(AccountPageTest.java:1483)
... Removed 28 stack frames]]>
    </failure>
  </testcase> <!-- TS025_VerifyBusinessRuleForAddressTest -->
  <testcase name="TS018_VerifyDeactivateAccountTest" time="1.117" classname="crmframework.crmAutomation.AccountPageTest">
    <failure type="org.openqa.selenium.WebDriverException" message="element click intercepted: Element &amp;lt;span class=&amp;quot;pa-br pa-at pa-ci pa-cj pa-ck pa-cl pa-v pa-ay pa-cm &amp;quot;&amp;gt;...&amp;lt;/span&amp;gt; is not clickable at point (72, 469). Other element would receive the click: &amp;lt;div id=&amp;quot;appProgressIndicatorContent&amp;quot; aria-hidden=&amp;quot;true&amp;quot; data-id=&amp;quot;appProgressIndicatorContent&amp;quot; class=&amp;quot;pa-lc pa-lb pa-io pa-as pa-au pa-b flexbox&amp;quot;&amp;gt;...&amp;lt;/div&amp;gt;
  (Session info: chrome=88.0.4324.182)
Build info: version: &amp;apos;3.4.0&amp;apos;, revision: &amp;apos;unknown&amp;apos;, time: &amp;apos;unknown&amp;apos;
System info: host: &amp;apos;SATISHG-W10&amp;apos;, ip: &amp;apos;172.27.182.57&amp;apos;, os.name: &amp;apos;Windows 10&amp;apos;, os.arch: &amp;apos;amd64&amp;apos;, os.version: &amp;apos;10.0&amp;apos;, java.version: &amp;apos;1.8.0_271&amp;apos;
Driver info: org.openqa.selenium.chrome.ChromeDriver
Capabilities [{networkConnectionEnabled=false, chrome={chromedriverVersion=88.0.4324.96 (68dba2d8a0b149a1d3afac56fa74648032bcf46b-refs/branch-heads/4324@{#1784}), userDataDir=C:\Users\satishg\AppData\Local\Temp\scoped_dir16140_399684484}, timeouts={implicit=0.0, pageLoad=300000.0, script=30000.0}, pageLoadStrategy=normal, unhandledPromptBehavior=dismiss and notify, strictFileInteractability=false, platform=ANY, proxy=Proxy(), goog:chromeOptions={debuggerAddress=localhost:54594}, acceptInsecureCerts=false, browserVersion=88.0.4324.182, browserName=chrome, javascriptEnabled=true, platformName=windows, setWindowRect=true, webauthn:extension:largeBlob=true, webauthn:virtualAuthenticators=true}]
Session ID: da15599ba104ef1355454d53eb941132">
      <![CDATA[org.openqa.selenium.WebDriverException: element click intercepted: Element <span class="pa-br pa-at pa-ci pa-cj pa-ck pa-cl pa-v pa-ay pa-cm ">...</span> is not clickable at point (72, 469). Other element would receive the click: <div id="appProgressIndicatorContent" aria-hidden="true" data-id="appProgressIndicatorContent" class="pa-lc pa-lb pa-io pa-as pa-au pa-b flexbox">...</div>
  (Session info: chrome=88.0.4324.182)
Build info: version: '3.4.0', revision: 'unknown', time: 'unknown'
System info: host: 'SATISHG-W10', ip: '172.27.182.57', os.name: 'Windows 10', os.arch: 'amd64', os.version: '10.0', java.version: '1.8.0_271'
Driver info: org.openqa.selenium.chrome.ChromeDriver
Capabilities [{networkConnectionEnabled=false, chrome={chromedriverVersion=88.0.4324.96 (68dba2d8a0b149a1d3afac56fa74648032bcf46b-refs/branch-heads/4324@{#1784}), userDataDir=C:\Users\satishg\AppData\Local\Temp\scoped_dir16140_399684484}, timeouts={implicit=0.0, pageLoad=300000.0, script=30000.0}, pageLoadStrategy=normal, unhandledPromptBehavior=dismiss and notify, strictFileInteractability=false, platform=ANY, proxy=Proxy(), goog:chromeOptions={debuggerAddress=localhost:54594}, acceptInsecureCerts=false, browserVersion=88.0.4324.182, browserName=chrome, javascriptEnabled=true, platformName=windows, setWindowRect=true, webauthn:extension:largeBlob=true, webauthn:virtualAuthenticators=true}]
Session ID: da15599ba104ef1355454d53eb941132
	at org.openqa.selenium.remote.http.W3CHttpResponseCodec.createException(W3CHttpResponseCodec.java:150)
	at org.openqa.selenium.remote.http.W3CHttpResponseCodec.decode(W3CHttpResponseCodec.java:115)
	at org.openqa.selenium.remote.http.W3CHttpResponseCodec.decode(W3CHttpResponseCodec.java:45)
	at org.openqa.selenium.remote.HttpCommandExecutor.execute(HttpCommandExecutor.java:164)
	at org.openqa.selenium.remote.service.DriverCommandExecutor.execute(DriverCommandExecutor.java:82)
	at org.openqa.selenium.remote.RemoteWebDriver.execute(RemoteWebDriver.java:637)
	at org.openqa.selenium.remote.RemoteWebElement.execute(RemoteWebElement.java:272)
	at org.openqa.selenium.remote.RemoteWebElement.click(RemoteWebElement.java:82)
	at crmframework.crmAutomation.AccountPageTest.TS018_VerifyDeactivateAccountTest(AccountPageTest.java:1009)
... Removed 28 stack frames]]>
    </failure>
  </testcase> <!-- TS018_VerifyDeactivateAccountTest -->
  <testcase name="TS017_VerifyDuplicateAccountTest" time="1.367" classname="crmframework.crmAutomation.AccountPageTest">
    <failure type="org.openqa.selenium.WebDriverException" message="element click intercepted: Element &amp;lt;span class=&amp;quot;pa-br pa-at pa-ci pa-cj pa-ck pa-cl pa-v pa-ay pa-cm &amp;quot;&amp;gt;...&amp;lt;/span&amp;gt; is not clickable at point (72, 469). Other element would receive the click: &amp;lt;div id=&amp;quot;appProgressIndicatorContent&amp;quot; aria-hidden=&amp;quot;true&amp;quot; data-id=&amp;quot;appProgressIndicatorContent&amp;quot; class=&amp;quot;pa-lc pa-lb pa-io pa-as pa-au pa-b flexbox&amp;quot;&amp;gt;...&amp;lt;/div&amp;gt;
  (Session info: chrome=88.0.4324.182)
Build info: version: &amp;apos;3.4.0&amp;apos;, revision: &amp;apos;unknown&amp;apos;, time: &amp;apos;unknown&amp;apos;
System info: host: &amp;apos;SATISHG-W10&amp;apos;, ip: &amp;apos;172.27.182.57&amp;apos;, os.name: &amp;apos;Windows 10&amp;apos;, os.arch: &amp;apos;amd64&amp;apos;, os.version: &amp;apos;10.0&amp;apos;, java.version: &amp;apos;1.8.0_271&amp;apos;
Driver info: org.openqa.selenium.chrome.ChromeDriver
Capabilities [{networkConnectionEnabled=false, chrome={chromedriverVersion=88.0.4324.96 (68dba2d8a0b149a1d3afac56fa74648032bcf46b-refs/branch-heads/4324@{#1784}), userDataDir=C:\Users\satishg\AppData\Local\Temp\scoped_dir16140_399684484}, timeouts={implicit=0.0, pageLoad=300000.0, script=30000.0}, pageLoadStrategy=normal, unhandledPromptBehavior=dismiss and notify, strictFileInteractability=false, platform=ANY, proxy=Proxy(), goog:chromeOptions={debuggerAddress=localhost:54594}, acceptInsecureCerts=false, browserVersion=88.0.4324.182, browserName=chrome, javascriptEnabled=true, platformName=windows, setWindowRect=true, webauthn:extension:largeBlob=true, webauthn:virtualAuthenticators=true}]
Session ID: da15599ba104ef1355454d53eb941132">
      <![CDATA[org.openqa.selenium.WebDriverException: element click intercepted: Element <span class="pa-br pa-at pa-ci pa-cj pa-ck pa-cl pa-v pa-ay pa-cm ">...</span> is not clickable at point (72, 469). Other element would receive the click: <div id="appProgressIndicatorContent" aria-hidden="true" data-id="appProgressIndicatorContent" class="pa-lc pa-lb pa-io pa-as pa-au pa-b flexbox">...</div>
  (Session info: chrome=88.0.4324.182)
Build info: version: '3.4.0', revision: 'unknown', time: 'unknown'
System info: host: 'SATISHG-W10', ip: '172.27.182.57', os.name: 'Windows 10', os.arch: 'amd64', os.version: '10.0', java.version: '1.8.0_271'
Driver info: org.openqa.selenium.chrome.ChromeDriver
Capabilities [{networkConnectionEnabled=false, chrome={chromedriverVersion=88.0.4324.96 (68dba2d8a0b149a1d3afac56fa74648032bcf46b-refs/branch-heads/4324@{#1784}), userDataDir=C:\Users\satishg\AppData\Local\Temp\scoped_dir16140_399684484}, timeouts={implicit=0.0, pageLoad=300000.0, script=30000.0}, pageLoadStrategy=normal, unhandledPromptBehavior=dismiss and notify, strictFileInteractability=false, platform=ANY, proxy=Proxy(), goog:chromeOptions={debuggerAddress=localhost:54594}, acceptInsecureCerts=false, browserVersion=88.0.4324.182, browserName=chrome, javascriptEnabled=true, platformName=windows, setWindowRect=true, webauthn:extension:largeBlob=true, webauthn:virtualAuthenticators=true}]
Session ID: da15599ba104ef1355454d53eb941132
	at org.openqa.selenium.remote.http.W3CHttpResponseCodec.createException(W3CHttpResponseCodec.java:150)
	at org.openqa.selenium.remote.http.W3CHttpResponseCodec.decode(W3CHttpResponseCodec.java:115)
	at org.openqa.selenium.remote.http.W3CHttpResponseCodec.decode(W3CHttpResponseCodec.java:45)
	at org.openqa.selenium.remote.HttpCommandExecutor.execute(HttpCommandExecutor.java:164)
	at org.openqa.selenium.remote.service.DriverCommandExecutor.execute(DriverCommandExecutor.java:82)
	at org.openqa.selenium.remote.RemoteWebDriver.execute(RemoteWebDriver.java:637)
	at org.openqa.selenium.remote.RemoteWebElement.execute(RemoteWebElement.java:272)
	at org.openqa.selenium.remote.RemoteWebElement.click(RemoteWebElement.java:82)
	at crmframework.crmAutomation.AccountPageTest.TS017_VerifyDuplicateAccountTest(AccountPageTest.java:886)
... Removed 28 stack frames]]>
    </failure>
  </testcase> <!-- TS017_VerifyDuplicateAccountTest -->
</testsuite> <!-- Test -->
