<?xml version="1.0" encoding="UTF-8"?>
<!-- Generated by org.testng.reporters.JUnitXMLReporter -->
<testsuite hostname="NILAMMA-W10" name="Test" tests="3" failures="0" timestamp="5 Mar 2021 09:52:14 GMT" time="234.537" errors="0">
  <testcase name="TS001_VerifyHomePageTest" time="117.043" classname="crmframework.crmAutomation.OtherTest"/>
  <testcase name="TS026_VerifyAssociatedListsSectionTest" time="56.003" classname="crmframework.crmAutomation.OtherTest"/>
  <testcase name="TS027_VerifyAddNewTaskFromTimelineToAccountTest" time="46.399" classname="crmframework.crmAutomation.OtherTest"/>
</testsuite> <!-- Test -->
