<?xml version="1.0" encoding="UTF-8"?>
<!-- Generated by org.testng.reporters.JUnitXMLReporter -->
<testsuite hostname="satishg-w10" name="Test" tests="3" failures="0" timestamp="4 Feb 2021 18:28:44 GMT" time="219.162" errors="0">
  <testcase name="verifyCrmHomePage" time="108.376" classname="crmframework.crmAutomation.AccountPageTest"/>
  <testcase name="verifyAddNoteToAccount" time="69.663" classname="crmframework.crmAutomation.AccountPageTest"/>
  <testcase name="verifyAddNewPostToAccount" time="33.157" classname="crmframework.crmAutomation.AccountPageTest"/>
</testsuite> <!-- Test -->
