<?xml version="1.0" encoding="UTF-8"?>
<!-- Generated by org.testng.reporters.JUnitXMLReporter -->
<testsuite hostname="NILAMMA-W10" name="Test" tests="2" failures="0" timestamp="22 Jan 2021 14:14:42 GMT" time="193.279" errors="0">
  <testcase name="verifyCrmHomePage" time="114.791" classname="crmframework.crmAutomation.AccountPageTest"/>
  <testcase name="verifyAddMarketingRelationshipOwnerToAccount" time="70.112" classname="crmframework.crmAutomation.AccountPageTest"/>
</testsuite> <!-- Test -->
