<?xml version="1.0" encoding="UTF-8"?>
<!-- Generated by org.testng.reporters.JUnitXMLReporter -->
<testsuite hostname="NILAMMA-W10" name="Test" tests="2" failures="1" timestamp="2 Mar 2021 05:54:48 GMT" time="181.847" errors="0">
  <testcase name="TS001_VerifyHomePageTest" time="112.704" classname="crmframework.crmAutomation.AccountPageTest"/>
  <testcase name="TS015_VerifyStateAndRegionInGridTest" time="61.102" classname="crmframework.crmAutomation.AccountPageTest">
    <failure type="org.openqa.selenium.TimeoutException" message="Expected condition failed: waiting for visibility of element located by By.xpath: //div[@class=&amp;apos;ms-SelectionZone&amp;apos;] (tried for 20 second(s) with 500 MILLISECONDS interval)">
      <![CDATA[org.openqa.selenium.TimeoutException: Expected condition failed: waiting for visibility of element located by By.xpath: //div[@class='ms-SelectionZone'] (tried for 20 second(s) with 500 MILLISECONDS interval)
	at org.openqa.selenium.support.ui.WebDriverWait.timeoutException(WebDriverWait.java:80)
	at org.openqa.selenium.support.ui.FluentWait.until(FluentWait.java:232)
	at pageObjects.CRMAccountsPage.getsclickvaluetextbox(CRMAccountsPage.java:693)
	at crmframework.crmAutomation.AccountPageTest.TS015_VerifyStateAndRegionInGridTest(AccountPageTest.java:792)
Caused by: org.openqa.selenium.NoSuchElementException: Cannot locate an element using By.xpath: //div[@class='ms-SelectionZone']
For documentation on this error, please visit: http://seleniumhq.org/exceptions/no_such_element.html
Build info: version: '3.4.0', revision: 'unknown', time: 'unknown'
System info: host: 'NILAMMA-W10', ip: '192.168.68.2', os.name: 'Windows 10', os.arch: 'amd64', os.version: '10.0', java.version: '1.8.0_161'
Driver info: driver.version: unknown
	at org.openqa.selenium.support.ui.ExpectedConditions.lambda$findElement$0(ExpectedConditions.java:883)
	at java.util.Optional.orElseThrow(Unknown Source)
	at org.openqa.selenium.support.ui.ExpectedConditions.findElement(ExpectedConditions.java:882)
	at org.openqa.selenium.support.ui.ExpectedConditions.access$000(ExpectedConditions.java:44)
	at org.openqa.selenium.support.ui.ExpectedConditions$7.apply(ExpectedConditions.java:206)
	at org.openqa.selenium.support.ui.ExpectedConditions$7.apply(ExpectedConditions.java:202)
	at org.openqa.selenium.support.ui.FluentWait.until(FluentWait.java:209)
	... 26 more
... Removed 24 stack frames]]>
    </failure>
  </testcase> <!-- TS015_VerifyStateAndRegionInGridTest -->
</testsuite> <!-- Test -->
