<?xml version="1.0" encoding="UTF-8"?>
<!-- Generated by org.testng.reporters.JUnitXMLReporter -->
<testsuite hostname="NILAMMA-W10" name="Test" tests="3" failures="0" timestamp="2 Mar 2021 13:15:49 GMT" time="224.232" errors="0">
  <testcase name="TS001_VerifyHomePageTest" time="114.291" classname="crmframework.crmAutomation.AccountPageTest"/>
  <testcase name="TS015_VerifyStateAndRegionInGridTest" time="38.692" classname="crmframework.crmAutomation.AccountPageTest"/>
  <testcase name="TS016_VerifyNamePhoneCityInGridTest" time="64.874" classname="crmframework.crmAutomation.AccountPageTest"/>
</testsuite> <!-- Test -->
