<?xml version="1.0" encoding="UTF-8"?>
<!-- Generated by org.testng.reporters.JUnitXMLReporter -->
<testsuite hostname="NILAMMA-W10" name="Test" tests="3" failures="0" timestamp="10 Feb 2021 04:59:05 GMT" time="291.272" errors="0">
  <testcase name="verifyCrmHomePage" time="122.273" classname="crmframework.crmAutomation.AccountPageTest"/>
  <testcase name="verifyCreateNewAccount" time="63.102" classname="crmframework.crmAutomation.AccountPageTest"/>
  <testcase name="verifyDuplicateAccount" time="75.966" classname="crmframework.crmAutomation.AccountPageTest"/>
</testsuite> <!-- Test -->
