<?xml version="1.0" encoding="UTF-8"?>
<!-- Generated by org.testng.reporters.JUnitXMLReporter -->
<testsuite hostname="satishg-w10" name="Test" tests="8" failures="0" timestamp="14 Jan 2021 09:31:59 GMT" time="376.622" errors="0">
  <testcase name="verifyCrmHomePage" time="107.271" classname="crmframework.crmAutomation.AccountPageTest"/>
  <testcase name="verifyCreateNewAccount" time="60.844" classname="crmframework.crmAutomation.AccountPageTest"/>
  <testcase name="verifyAddTimelineToAccount" time="29.066" classname="crmframework.crmAutomation.AccountPageTest"/>
  <testcase name="verifyAddIncentiveToAccount" time="57.601" classname="crmframework.crmAutomation.AccountPageTest"/>
  <testcase name="verifyAddIncentiveDetailsToAccount" time="31.507" classname="crmframework.crmAutomation.AccountPageTest"/>
  <testcase name="verifyRelatedTabOnAccount" time="19.581" classname="crmframework.crmAutomation.AccountPageTest"/>
  <testcase name="verifySearchAccount" time="11.967" classname="crmframework.crmAutomation.AccountPageTest"/>
  <testcase name="verifyDeactivateAccount" time="50.874" classname="crmframework.crmAutomation.AccountPageTest"/>
</testsuite> <!-- Test -->
