<?xml version="1.0" encoding="UTF-8"?>
<!-- Generated by org.testng.reporters.JUnitXMLReporter -->
<testsuite hostname="NILAMMA-W10" name="Test" tests="2" failures="1" timestamp="11 Jan 2021 17:47:09 GMT" time="194.665" errors="0">
  <testcase name="crmhomepage" time="109.268" classname="crmframework.crmAutomation.HomePageTest"/>
  <testcase name="AddMarketingRelationshipOwner" time="78.641" classname="crmframework.crmAutomation.HomePageTest">
    <failure type="org.openqa.selenium.TimeoutException" message="Expected condition failed: waiting for visibility of element located by By.xpath: //input[@data-id = &amp;apos;header_xxc_marketingrelationshipownerid.fieldControl-LookupResultsDropdown_xxc_marketingrelationshipownerid_textInputBox_with_filter_new&amp;apos;] (tried for 30 second(s) with 500 MILLISECONDS interval)">
      <![CDATA[org.openqa.selenium.TimeoutException: Expected condition failed: waiting for visibility of element located by By.xpath: //input[@data-id = 'header_xxc_marketingrelationshipownerid.fieldControl-LookupResultsDropdown_xxc_marketingrelationshipownerid_textInputBox_with_filter_new'] (tried for 30 second(s) with 500 MILLISECONDS interval)
	at org.openqa.selenium.support.ui.WebDriverWait.timeoutException(WebDriverWait.java:80)
	at org.openqa.selenium.support.ui.FluentWait.until(FluentWait.java:232)
	at pageObjects.CRMAddMarketingRelationshipOwner.getmarlookupclick(CRMAddMarketingRelationshipOwner.java:42)
	at crmframework.crmAutomation.HomePageTest.AddMarketingRelationshipOwner(HomePageTest.java:401)
Caused by: org.openqa.selenium.NoSuchElementException: Cannot locate an element using By.xpath: //input[@data-id = 'header_xxc_marketingrelationshipownerid.fieldControl-LookupResultsDropdown_xxc_marketingrelationshipownerid_textInputBox_with_filter_new']
For documentation on this error, please visit: http://seleniumhq.org/exceptions/no_such_element.html
Build info: version: '3.4.0', revision: 'unknown', time: 'unknown'
System info: host: 'NILAMMA-W10', ip: '192.168.68.2', os.name: 'Windows 10', os.arch: 'amd64', os.version: '10.0', java.version: '1.8.0_161'
Driver info: driver.version: unknown
	at org.openqa.selenium.support.ui.ExpectedConditions.lambda$findElement$0(ExpectedConditions.java:883)
	at java.util.Optional.orElseThrow(Unknown Source)
	at org.openqa.selenium.support.ui.ExpectedConditions.findElement(ExpectedConditions.java:882)
	at org.openqa.selenium.support.ui.ExpectedConditions.access$000(ExpectedConditions.java:44)
	at org.openqa.selenium.support.ui.ExpectedConditions$7.apply(ExpectedConditions.java:206)
	at org.openqa.selenium.support.ui.ExpectedConditions$7.apply(ExpectedConditions.java:202)
	at org.openqa.selenium.support.ui.FluentWait.until(FluentWait.java:209)
	... 26 more
... Removed 24 stack frames]]>
    </failure>
  </testcase> <!-- AddMarketingRelationshipOwner -->
</testsuite> <!-- Test -->
