<?xml version="1.0" encoding="UTF-8"?>
<!-- Generated by org.testng.reporters.JUnitXMLReporter -->
<testsuite hostname="satishg-w10" name="Test" tests="26" failures="18" timestamp="1 Mar 2021 04:33:16 GMT" time="987.923" errors="0">
  <testcase name="verify_TS1_CrmHomePageTest" time="130.688" classname="crmframework.crmAutomation.AccountPageTest"/>
  <testcase name="verify_TS2_CreateNewAccountTest" time="59.272" classname="crmframework.crmAutomation.AccountPageTest"/>
  <testcase name="verify_TS3_AddTimelineToAccountTest" time="68.663" classname="crmframework.crmAutomation.AccountPageTest">
    <failure type="org.openqa.selenium.NoSuchElementException" message="no such element: Unable to locate element: {&amp;quot;method&amp;quot;:&amp;quot;xpath&amp;quot;,&amp;quot;selector&amp;quot;:&amp;quot;//span[@class=&amp;apos;symbolFont BackButton-symbol pa-ak &amp;apos;]&amp;quot;}
  (Session info: chrome=88.0.4324.182)
For documentation on this error, please visit: http://seleniumhq.org/exceptions/no_such_element.html
Build info: version: &amp;apos;3.4.0&amp;apos;, revision: &amp;apos;unknown&amp;apos;, time: &amp;apos;unknown&amp;apos;
System info: host: &amp;apos;SATISHG-W10&amp;apos;, ip: &amp;apos;172.27.182.57&amp;apos;, os.name: &amp;apos;Windows 10&amp;apos;, os.arch: &amp;apos;amd64&amp;apos;, os.version: &amp;apos;10.0&amp;apos;, java.version: &amp;apos;1.8.0_271&amp;apos;
Driver info: org.openqa.selenium.chrome.ChromeDriver
Capabilities [{networkConnectionEnabled=false, chrome={chromedriverVersion=88.0.4324.96 (68dba2d8a0b149a1d3afac56fa74648032bcf46b-refs/branch-heads/4324@{#1784}), userDataDir=C:\Users\satishg\AppData\Local\Temp\scoped_dir3616_1355318160}, timeouts={implicit=0.0, pageLoad=300000.0, script=30000.0}, pageLoadStrategy=normal, unhandledPromptBehavior=dismiss and notify, strictFileInteractability=false, platform=ANY, proxy=Proxy(), goog:chromeOptions={debuggerAddress=localhost:65095}, acceptInsecureCerts=false, browserVersion=88.0.4324.182, browserName=chrome, javascriptEnabled=true, platformName=windows, setWindowRect=true, webauthn:extension:largeBlob=true, webauthn:virtualAuthenticators=true}]
Session ID: 937b70c502e3641ff531b9f68ec35dd6
*** Element info: {Using=xpath, value=//span[@class=&amp;apos;symbolFont BackButton-symbol pa-ak &amp;apos;]}">
      <![CDATA[org.openqa.selenium.NoSuchElementException: no such element: Unable to locate element: {"method":"xpath","selector":"//span[@class='symbolFont BackButton-symbol pa-ak ']"}
  (Session info: chrome=88.0.4324.182)
For documentation on this error, please visit: http://seleniumhq.org/exceptions/no_such_element.html
Build info: version: '3.4.0', revision: 'unknown', time: 'unknown'
System info: host: 'SATISHG-W10', ip: '172.27.182.57', os.name: 'Windows 10', os.arch: 'amd64', os.version: '10.0', java.version: '1.8.0_271'
Driver info: org.openqa.selenium.chrome.ChromeDriver
Capabilities [{networkConnectionEnabled=false, chrome={chromedriverVersion=88.0.4324.96 (68dba2d8a0b149a1d3afac56fa74648032bcf46b-refs/branch-heads/4324@{#1784}), userDataDir=C:\Users\satishg\AppData\Local\Temp\scoped_dir3616_1355318160}, timeouts={implicit=0.0, pageLoad=300000.0, script=30000.0}, pageLoadStrategy=normal, unhandledPromptBehavior=dismiss and notify, strictFileInteractability=false, platform=ANY, proxy=Proxy(), goog:chromeOptions={debuggerAddress=localhost:65095}, acceptInsecureCerts=false, browserVersion=88.0.4324.182, browserName=chrome, javascriptEnabled=true, platformName=windows, setWindowRect=true, webauthn:extension:largeBlob=true, webauthn:virtualAuthenticators=true}]
Session ID: 937b70c502e3641ff531b9f68ec35dd6
*** Element info: {Using=xpath, value=//span[@class='symbolFont BackButton-symbol pa-ak ']}
	at org.openqa.selenium.remote.http.W3CHttpResponseCodec.createException(W3CHttpResponseCodec.java:150)
	at org.openqa.selenium.remote.http.W3CHttpResponseCodec.decode(W3CHttpResponseCodec.java:115)
	at org.openqa.selenium.remote.http.W3CHttpResponseCodec.decode(W3CHttpResponseCodec.java:45)
	at org.openqa.selenium.remote.HttpCommandExecutor.execute(HttpCommandExecutor.java:164)
	at org.openqa.selenium.remote.service.DriverCommandExecutor.execute(DriverCommandExecutor.java:82)
	at org.openqa.selenium.remote.RemoteWebDriver.execute(RemoteWebDriver.java:637)
	at org.openqa.selenium.remote.RemoteWebDriver.findElement(RemoteWebDriver.java:410)
	at org.openqa.selenium.remote.RemoteWebDriver.findElementByXPath(RemoteWebDriver.java:509)
	at org.openqa.selenium.By$ByXPath.findElement(By.java:361)
	at org.openqa.selenium.remote.RemoteWebDriver.findElement(RemoteWebDriver.java:402)
	at pageObjects.CRMAccountsPage.getAccPageBackBtn(CRMAccountsPage.java:290)
	at crmframework.crmAutomation.AccountPageTest.verify_TS3_AddTimelineToAccountTest(AccountPageTest.java:211)
... Removed 28 stack frames]]>
    </failure>
  </testcase> <!-- verify_TS3_AddTimelineToAccountTest -->
  <testcase name="verify_TS4_AddIncentiveToAccountTest" time="34.587" classname="crmframework.crmAutomation.AccountPageTest">
    <failure type="org.openqa.selenium.TimeoutException" message="Expected condition failed: waiting for visibility of element located by By.xpath: //div[@title = &amp;apos;Cyb_QATest&amp;apos;] (tried for 30 second(s) with 500 MILLISECONDS interval)">
      <![CDATA[org.openqa.selenium.TimeoutException: Expected condition failed: waiting for visibility of element located by By.xpath: //div[@title = 'Cyb_QATest'] (tried for 30 second(s) with 500 MILLISECONDS interval)
	at org.openqa.selenium.support.ui.WebDriverWait.timeoutException(WebDriverWait.java:80)
	at org.openqa.selenium.support.ui.FluentWait.until(FluentWait.java:232)
	at pageObjects.CRMIncentiveTab.accname(CRMIncentiveTab.java:135)
	at crmframework.crmAutomation.AccountPageTest.verify_TS4_AddIncentiveToAccountTest(AccountPageTest.java:235)
Caused by: org.openqa.selenium.NoSuchElementException: Cannot locate an element using By.xpath: //div[@title = 'Cyb_QATest']
For documentation on this error, please visit: http://seleniumhq.org/exceptions/no_such_element.html
Build info: version: '3.4.0', revision: 'unknown', time: 'unknown'
System info: host: 'SATISHG-W10', ip: '172.27.182.57', os.name: 'Windows 10', os.arch: 'amd64', os.version: '10.0', java.version: '1.8.0_271'
Driver info: driver.version: unknown
	at org.openqa.selenium.support.ui.ExpectedConditions.lambda$findElement$0(ExpectedConditions.java:883)
	at java.util.Optional.orElseThrow(Unknown Source)
	at org.openqa.selenium.support.ui.ExpectedConditions.findElement(ExpectedConditions.java:882)
	at org.openqa.selenium.support.ui.ExpectedConditions.access$000(ExpectedConditions.java:44)
	at org.openqa.selenium.support.ui.ExpectedConditions$7.apply(ExpectedConditions.java:206)
	at org.openqa.selenium.support.ui.ExpectedConditions$7.apply(ExpectedConditions.java:202)
	at org.openqa.selenium.support.ui.FluentWait.until(FluentWait.java:209)
	... 26 more
... Removed 24 stack frames]]>
    </failure>
  </testcase> <!-- verify_TS4_AddIncentiveToAccountTest -->
  <testcase name="verify_TS5_AddIncentiveDetailsToAccountTest" time="53.586" classname="crmframework.crmAutomation.AccountPageTest">
    <failure type="org.openqa.selenium.NoSuchElementException" message="no such element: Unable to locate element: {&amp;quot;method&amp;quot;:&amp;quot;xpath&amp;quot;,&amp;quot;selector&amp;quot;:&amp;quot;//span[@aria-label=&amp;apos;New Incentive Detail&amp;apos;]&amp;quot;}
  (Session info: chrome=88.0.4324.182)
For documentation on this error, please visit: http://seleniumhq.org/exceptions/no_such_element.html
Build info: version: &amp;apos;3.4.0&amp;apos;, revision: &amp;apos;unknown&amp;apos;, time: &amp;apos;unknown&amp;apos;
System info: host: &amp;apos;SATISHG-W10&amp;apos;, ip: &amp;apos;172.27.182.57&amp;apos;, os.name: &amp;apos;Windows 10&amp;apos;, os.arch: &amp;apos;amd64&amp;apos;, os.version: &amp;apos;10.0&amp;apos;, java.version: &amp;apos;1.8.0_271&amp;apos;
Driver info: org.openqa.selenium.chrome.ChromeDriver
Capabilities [{networkConnectionEnabled=false, chrome={chromedriverVersion=88.0.4324.96 (68dba2d8a0b149a1d3afac56fa74648032bcf46b-refs/branch-heads/4324@{#1784}), userDataDir=C:\Users\satishg\AppData\Local\Temp\scoped_dir3616_1355318160}, timeouts={implicit=0.0, pageLoad=300000.0, script=30000.0}, pageLoadStrategy=normal, unhandledPromptBehavior=dismiss and notify, strictFileInteractability=false, platform=ANY, proxy=Proxy(), goog:chromeOptions={debuggerAddress=localhost:65095}, acceptInsecureCerts=false, browserVersion=88.0.4324.182, browserName=chrome, javascriptEnabled=true, platformName=windows, setWindowRect=true, webauthn:extension:largeBlob=true, webauthn:virtualAuthenticators=true}]
Session ID: 937b70c502e3641ff531b9f68ec35dd6
*** Element info: {Using=xpath, value=//span[@aria-label=&amp;apos;New Incentive Detail&amp;apos;]}">
      <![CDATA[org.openqa.selenium.NoSuchElementException: no such element: Unable to locate element: {"method":"xpath","selector":"//span[@aria-label='New Incentive Detail']"}
  (Session info: chrome=88.0.4324.182)
For documentation on this error, please visit: http://seleniumhq.org/exceptions/no_such_element.html
Build info: version: '3.4.0', revision: 'unknown', time: 'unknown'
System info: host: 'SATISHG-W10', ip: '172.27.182.57', os.name: 'Windows 10', os.arch: 'amd64', os.version: '10.0', java.version: '1.8.0_271'
Driver info: org.openqa.selenium.chrome.ChromeDriver
Capabilities [{networkConnectionEnabled=false, chrome={chromedriverVersion=88.0.4324.96 (68dba2d8a0b149a1d3afac56fa74648032bcf46b-refs/branch-heads/4324@{#1784}), userDataDir=C:\Users\satishg\AppData\Local\Temp\scoped_dir3616_1355318160}, timeouts={implicit=0.0, pageLoad=300000.0, script=30000.0}, pageLoadStrategy=normal, unhandledPromptBehavior=dismiss and notify, strictFileInteractability=false, platform=ANY, proxy=Proxy(), goog:chromeOptions={debuggerAddress=localhost:65095}, acceptInsecureCerts=false, browserVersion=88.0.4324.182, browserName=chrome, javascriptEnabled=true, platformName=windows, setWindowRect=true, webauthn:extension:largeBlob=true, webauthn:virtualAuthenticators=true}]
Session ID: 937b70c502e3641ff531b9f68ec35dd6
*** Element info: {Using=xpath, value=//span[@aria-label='New Incentive Detail']}
	at org.openqa.selenium.remote.http.W3CHttpResponseCodec.createException(W3CHttpResponseCodec.java:150)
	at org.openqa.selenium.remote.http.W3CHttpResponseCodec.decode(W3CHttpResponseCodec.java:115)
	at org.openqa.selenium.remote.http.W3CHttpResponseCodec.decode(W3CHttpResponseCodec.java:45)
	at org.openqa.selenium.remote.HttpCommandExecutor.execute(HttpCommandExecutor.java:164)
	at org.openqa.selenium.remote.service.DriverCommandExecutor.execute(DriverCommandExecutor.java:82)
	at org.openqa.selenium.remote.RemoteWebDriver.execute(RemoteWebDriver.java:637)
	at org.openqa.selenium.remote.RemoteWebDriver.findElement(RemoteWebDriver.java:410)
	at org.openqa.selenium.remote.RemoteWebDriver.findElementByXPath(RemoteWebDriver.java:509)
	at org.openqa.selenium.By$ByXPath.findElement(By.java:361)
	at org.openqa.selenium.remote.RemoteWebDriver.findElement(RemoteWebDriver.java:402)
	at pageObjects.CRMIncentiveTab.getIncDetaills(CRMIncentiveTab.java:149)
	at crmframework.crmAutomation.AccountPageTest.verify_TS5_AddIncentiveDetailsToAccountTest(AccountPageTest.java:309)
... Removed 28 stack frames]]>
    </failure>
  </testcase> <!-- verify_TS5_AddIncentiveDetailsToAccountTest -->
  <testcase name="verify_TS6_RelatedTabOnAccountTest" time="55.216" classname="crmframework.crmAutomation.AccountPageTest">
    <failure type="org.openqa.selenium.NoSuchElementException" message="no such element: Unable to locate element: {&amp;quot;method&amp;quot;:&amp;quot;xpath&amp;quot;,&amp;quot;selector&amp;quot;:&amp;quot;//span[@class=&amp;apos;symbolFont BackButton-symbol pa-ak &amp;apos;]&amp;quot;}
  (Session info: chrome=88.0.4324.182)
For documentation on this error, please visit: http://seleniumhq.org/exceptions/no_such_element.html
Build info: version: &amp;apos;3.4.0&amp;apos;, revision: &amp;apos;unknown&amp;apos;, time: &amp;apos;unknown&amp;apos;
System info: host: &amp;apos;SATISHG-W10&amp;apos;, ip: &amp;apos;172.27.182.57&amp;apos;, os.name: &amp;apos;Windows 10&amp;apos;, os.arch: &amp;apos;amd64&amp;apos;, os.version: &amp;apos;10.0&amp;apos;, java.version: &amp;apos;1.8.0_271&amp;apos;
Driver info: org.openqa.selenium.chrome.ChromeDriver
Capabilities [{networkConnectionEnabled=false, chrome={chromedriverVersion=88.0.4324.96 (68dba2d8a0b149a1d3afac56fa74648032bcf46b-refs/branch-heads/4324@{#1784}), userDataDir=C:\Users\satishg\AppData\Local\Temp\scoped_dir3616_1355318160}, timeouts={implicit=0.0, pageLoad=300000.0, script=30000.0}, pageLoadStrategy=normal, unhandledPromptBehavior=dismiss and notify, strictFileInteractability=false, platform=ANY, proxy=Proxy(), goog:chromeOptions={debuggerAddress=localhost:65095}, acceptInsecureCerts=false, browserVersion=88.0.4324.182, browserName=chrome, javascriptEnabled=true, platformName=windows, setWindowRect=true, webauthn:extension:largeBlob=true, webauthn:virtualAuthenticators=true}]
Session ID: 937b70c502e3641ff531b9f68ec35dd6
*** Element info: {Using=xpath, value=//span[@class=&amp;apos;symbolFont BackButton-symbol pa-ak &amp;apos;]}">
      <![CDATA[org.openqa.selenium.NoSuchElementException: no such element: Unable to locate element: {"method":"xpath","selector":"//span[@class='symbolFont BackButton-symbol pa-ak ']"}
  (Session info: chrome=88.0.4324.182)
For documentation on this error, please visit: http://seleniumhq.org/exceptions/no_such_element.html
Build info: version: '3.4.0', revision: 'unknown', time: 'unknown'
System info: host: 'SATISHG-W10', ip: '172.27.182.57', os.name: 'Windows 10', os.arch: 'amd64', os.version: '10.0', java.version: '1.8.0_271'
Driver info: org.openqa.selenium.chrome.ChromeDriver
Capabilities [{networkConnectionEnabled=false, chrome={chromedriverVersion=88.0.4324.96 (68dba2d8a0b149a1d3afac56fa74648032bcf46b-refs/branch-heads/4324@{#1784}), userDataDir=C:\Users\satishg\AppData\Local\Temp\scoped_dir3616_1355318160}, timeouts={implicit=0.0, pageLoad=300000.0, script=30000.0}, pageLoadStrategy=normal, unhandledPromptBehavior=dismiss and notify, strictFileInteractability=false, platform=ANY, proxy=Proxy(), goog:chromeOptions={debuggerAddress=localhost:65095}, acceptInsecureCerts=false, browserVersion=88.0.4324.182, browserName=chrome, javascriptEnabled=true, platformName=windows, setWindowRect=true, webauthn:extension:largeBlob=true, webauthn:virtualAuthenticators=true}]
Session ID: 937b70c502e3641ff531b9f68ec35dd6
*** Element info: {Using=xpath, value=//span[@class='symbolFont BackButton-symbol pa-ak ']}
	at org.openqa.selenium.remote.http.W3CHttpResponseCodec.createException(W3CHttpResponseCodec.java:150)
	at org.openqa.selenium.remote.http.W3CHttpResponseCodec.decode(W3CHttpResponseCodec.java:115)
	at org.openqa.selenium.remote.http.W3CHttpResponseCodec.decode(W3CHttpResponseCodec.java:45)
	at org.openqa.selenium.remote.HttpCommandExecutor.execute(HttpCommandExecutor.java:164)
	at org.openqa.selenium.remote.service.DriverCommandExecutor.execute(DriverCommandExecutor.java:82)
	at org.openqa.selenium.remote.RemoteWebDriver.execute(RemoteWebDriver.java:637)
	at org.openqa.selenium.remote.RemoteWebDriver.findElement(RemoteWebDriver.java:410)
	at org.openqa.selenium.remote.RemoteWebDriver.findElementByXPath(RemoteWebDriver.java:509)
	at org.openqa.selenium.By$ByXPath.findElement(By.java:361)
	at org.openqa.selenium.remote.RemoteWebDriver.findElement(RemoteWebDriver.java:402)
	at pageObjects.CRMAccountsPage.getAccPageBackBtn(CRMAccountsPage.java:290)
	at crmframework.crmAutomation.AccountPageTest.verify_TS6_RelatedTabOnAccountTest(AccountPageTest.java:375)
... Removed 28 stack frames]]>
    </failure>
  </testcase> <!-- verify_TS6_RelatedTabOnAccountTest -->
  <testcase name="verify_TS7_AddMarketingRelationshipOwnerToAccountTest" time="50.188" classname="crmframework.crmAutomation.AccountPageTest">
    <failure type="org.openqa.selenium.NoSuchElementException" message="no such element: Unable to locate element: {&amp;quot;method&amp;quot;:&amp;quot;xpath&amp;quot;,&amp;quot;selector&amp;quot;:&amp;quot;//span[@class=&amp;apos;symbolFont BackButton-symbol pa-ak &amp;apos;]&amp;quot;}
  (Session info: chrome=88.0.4324.182)
For documentation on this error, please visit: http://seleniumhq.org/exceptions/no_such_element.html
Build info: version: &amp;apos;3.4.0&amp;apos;, revision: &amp;apos;unknown&amp;apos;, time: &amp;apos;unknown&amp;apos;
System info: host: &amp;apos;SATISHG-W10&amp;apos;, ip: &amp;apos;172.27.182.57&amp;apos;, os.name: &amp;apos;Windows 10&amp;apos;, os.arch: &amp;apos;amd64&amp;apos;, os.version: &amp;apos;10.0&amp;apos;, java.version: &amp;apos;1.8.0_271&amp;apos;
Driver info: org.openqa.selenium.chrome.ChromeDriver
Capabilities [{networkConnectionEnabled=false, chrome={chromedriverVersion=88.0.4324.96 (68dba2d8a0b149a1d3afac56fa74648032bcf46b-refs/branch-heads/4324@{#1784}), userDataDir=C:\Users\satishg\AppData\Local\Temp\scoped_dir3616_1355318160}, timeouts={implicit=0.0, pageLoad=300000.0, script=30000.0}, pageLoadStrategy=normal, unhandledPromptBehavior=dismiss and notify, strictFileInteractability=false, platform=ANY, proxy=Proxy(), goog:chromeOptions={debuggerAddress=localhost:65095}, acceptInsecureCerts=false, browserVersion=88.0.4324.182, browserName=chrome, javascriptEnabled=true, platformName=windows, setWindowRect=true, webauthn:extension:largeBlob=true, webauthn:virtualAuthenticators=true}]
Session ID: 937b70c502e3641ff531b9f68ec35dd6
*** Element info: {Using=xpath, value=//span[@class=&amp;apos;symbolFont BackButton-symbol pa-ak &amp;apos;]}">
      <![CDATA[org.openqa.selenium.NoSuchElementException: no such element: Unable to locate element: {"method":"xpath","selector":"//span[@class='symbolFont BackButton-symbol pa-ak ']"}
  (Session info: chrome=88.0.4324.182)
For documentation on this error, please visit: http://seleniumhq.org/exceptions/no_such_element.html
Build info: version: '3.4.0', revision: 'unknown', time: 'unknown'
System info: host: 'SATISHG-W10', ip: '172.27.182.57', os.name: 'Windows 10', os.arch: 'amd64', os.version: '10.0', java.version: '1.8.0_271'
Driver info: org.openqa.selenium.chrome.ChromeDriver
Capabilities [{networkConnectionEnabled=false, chrome={chromedriverVersion=88.0.4324.96 (68dba2d8a0b149a1d3afac56fa74648032bcf46b-refs/branch-heads/4324@{#1784}), userDataDir=C:\Users\satishg\AppData\Local\Temp\scoped_dir3616_1355318160}, timeouts={implicit=0.0, pageLoad=300000.0, script=30000.0}, pageLoadStrategy=normal, unhandledPromptBehavior=dismiss and notify, strictFileInteractability=false, platform=ANY, proxy=Proxy(), goog:chromeOptions={debuggerAddress=localhost:65095}, acceptInsecureCerts=false, browserVersion=88.0.4324.182, browserName=chrome, javascriptEnabled=true, platformName=windows, setWindowRect=true, webauthn:extension:largeBlob=true, webauthn:virtualAuthenticators=true}]
Session ID: 937b70c502e3641ff531b9f68ec35dd6
*** Element info: {Using=xpath, value=//span[@class='symbolFont BackButton-symbol pa-ak ']}
	at org.openqa.selenium.remote.http.W3CHttpResponseCodec.createException(W3CHttpResponseCodec.java:150)
	at org.openqa.selenium.remote.http.W3CHttpResponseCodec.decode(W3CHttpResponseCodec.java:115)
	at org.openqa.selenium.remote.http.W3CHttpResponseCodec.decode(W3CHttpResponseCodec.java:45)
	at org.openqa.selenium.remote.HttpCommandExecutor.execute(HttpCommandExecutor.java:164)
	at org.openqa.selenium.remote.service.DriverCommandExecutor.execute(DriverCommandExecutor.java:82)
	at org.openqa.selenium.remote.RemoteWebDriver.execute(RemoteWebDriver.java:637)
	at org.openqa.selenium.remote.RemoteWebDriver.findElement(RemoteWebDriver.java:410)
	at org.openqa.selenium.remote.RemoteWebDriver.findElementByXPath(RemoteWebDriver.java:509)
	at org.openqa.selenium.By$ByXPath.findElement(By.java:361)
	at org.openqa.selenium.remote.RemoteWebDriver.findElement(RemoteWebDriver.java:402)
	at pageObjects.CRMAccountsPage.getAccPageBackBtn(CRMAccountsPage.java:290)
	at crmframework.crmAutomation.AccountPageTest.verify_TS7_AddMarketingRelationshipOwnerToAccountTest(AccountPageTest.java:422)
... Removed 28 stack frames]]>
    </failure>
  </testcase> <!-- verify_TS7_AddMarketingRelationshipOwnerToAccountTest -->
  <testcase name="verify_TS8_SearchAccountTest" time="34.117" classname="crmframework.crmAutomation.AccountPageTest">
    <failure type="org.openqa.selenium.NoSuchElementException" message="no such element: Unable to locate element: {&amp;quot;method&amp;quot;:&amp;quot;xpath&amp;quot;,&amp;quot;selector&amp;quot;:&amp;quot;//a[contains(text(),&amp;apos;Cyb_wbdyxs7b&amp;apos;)]&amp;quot;}
  (Session info: chrome=88.0.4324.182)
For documentation on this error, please visit: http://seleniumhq.org/exceptions/no_such_element.html
Build info: version: &amp;apos;3.4.0&amp;apos;, revision: &amp;apos;unknown&amp;apos;, time: &amp;apos;unknown&amp;apos;
System info: host: &amp;apos;SATISHG-W10&amp;apos;, ip: &amp;apos;172.27.182.57&amp;apos;, os.name: &amp;apos;Windows 10&amp;apos;, os.arch: &amp;apos;amd64&amp;apos;, os.version: &amp;apos;10.0&amp;apos;, java.version: &amp;apos;1.8.0_271&amp;apos;
Driver info: org.openqa.selenium.chrome.ChromeDriver
Capabilities [{networkConnectionEnabled=false, chrome={chromedriverVersion=88.0.4324.96 (68dba2d8a0b149a1d3afac56fa74648032bcf46b-refs/branch-heads/4324@{#1784}), userDataDir=C:\Users\satishg\AppData\Local\Temp\scoped_dir3616_1355318160}, timeouts={implicit=0.0, pageLoad=300000.0, script=30000.0}, pageLoadStrategy=normal, unhandledPromptBehavior=dismiss and notify, strictFileInteractability=false, platform=ANY, proxy=Proxy(), goog:chromeOptions={debuggerAddress=localhost:65095}, acceptInsecureCerts=false, browserVersion=88.0.4324.182, browserName=chrome, javascriptEnabled=true, platformName=windows, setWindowRect=true, webauthn:extension:largeBlob=true, webauthn:virtualAuthenticators=true}]
Session ID: 937b70c502e3641ff531b9f68ec35dd6
*** Element info: {Using=xpath, value=//a[contains(text(),&amp;apos;Cyb_wbdyxs7b&amp;apos;)]}">
      <![CDATA[org.openqa.selenium.NoSuchElementException: no such element: Unable to locate element: {"method":"xpath","selector":"//a[contains(text(),'Cyb_wbdyxs7b')]"}
  (Session info: chrome=88.0.4324.182)
For documentation on this error, please visit: http://seleniumhq.org/exceptions/no_such_element.html
Build info: version: '3.4.0', revision: 'unknown', time: 'unknown'
System info: host: 'SATISHG-W10', ip: '172.27.182.57', os.name: 'Windows 10', os.arch: 'amd64', os.version: '10.0', java.version: '1.8.0_271'
Driver info: org.openqa.selenium.chrome.ChromeDriver
Capabilities [{networkConnectionEnabled=false, chrome={chromedriverVersion=88.0.4324.96 (68dba2d8a0b149a1d3afac56fa74648032bcf46b-refs/branch-heads/4324@{#1784}), userDataDir=C:\Users\satishg\AppData\Local\Temp\scoped_dir3616_1355318160}, timeouts={implicit=0.0, pageLoad=300000.0, script=30000.0}, pageLoadStrategy=normal, unhandledPromptBehavior=dismiss and notify, strictFileInteractability=false, platform=ANY, proxy=Proxy(), goog:chromeOptions={debuggerAddress=localhost:65095}, acceptInsecureCerts=false, browserVersion=88.0.4324.182, browserName=chrome, javascriptEnabled=true, platformName=windows, setWindowRect=true, webauthn:extension:largeBlob=true, webauthn:virtualAuthenticators=true}]
Session ID: 937b70c502e3641ff531b9f68ec35dd6
*** Element info: {Using=xpath, value=//a[contains(text(),'Cyb_wbdyxs7b')]}
	at org.openqa.selenium.remote.http.W3CHttpResponseCodec.createException(W3CHttpResponseCodec.java:150)
	at org.openqa.selenium.remote.http.W3CHttpResponseCodec.decode(W3CHttpResponseCodec.java:115)
	at org.openqa.selenium.remote.http.W3CHttpResponseCodec.decode(W3CHttpResponseCodec.java:45)
	at org.openqa.selenium.remote.HttpCommandExecutor.execute(HttpCommandExecutor.java:164)
	at org.openqa.selenium.remote.service.DriverCommandExecutor.execute(DriverCommandExecutor.java:82)
	at org.openqa.selenium.remote.RemoteWebDriver.execute(RemoteWebDriver.java:637)
	at org.openqa.selenium.remote.RemoteWebDriver.findElement(RemoteWebDriver.java:410)
	at org.openqa.selenium.remote.RemoteWebDriver.findElementByXPath(RemoteWebDriver.java:509)
	at org.openqa.selenium.By$ByXPath.findElement(By.java:361)
	at org.openqa.selenium.remote.RemoteWebDriver.findElement(RemoteWebDriver.java:402)
	at crmframework.crmAutomation.AccountPageTest.verify_TS8_SearchAccountTest(AccountPageTest.java:439)
... Removed 28 stack frames]]>
    </failure>
  </testcase> <!-- verify_TS8_SearchAccountTest -->
  <testcase name="verify_TS9_DeactivateAccountTest" time="33.712" classname="crmframework.crmAutomation.AccountPageTest">
    <failure type="org.openqa.selenium.NoSuchElementException" message="no such element: Unable to locate element: {&amp;quot;method&amp;quot;:&amp;quot;xpath&amp;quot;,&amp;quot;selector&amp;quot;:&amp;quot;//a[contains(text(),&amp;apos;Cyb_wbdyxs7b&amp;apos;)]&amp;quot;}
  (Session info: chrome=88.0.4324.182)
For documentation on this error, please visit: http://seleniumhq.org/exceptions/no_such_element.html
Build info: version: &amp;apos;3.4.0&amp;apos;, revision: &amp;apos;unknown&amp;apos;, time: &amp;apos;unknown&amp;apos;
System info: host: &amp;apos;SATISHG-W10&amp;apos;, ip: &amp;apos;172.27.182.57&amp;apos;, os.name: &amp;apos;Windows 10&amp;apos;, os.arch: &amp;apos;amd64&amp;apos;, os.version: &amp;apos;10.0&amp;apos;, java.version: &amp;apos;1.8.0_271&amp;apos;
Driver info: org.openqa.selenium.chrome.ChromeDriver
Capabilities [{networkConnectionEnabled=false, chrome={chromedriverVersion=88.0.4324.96 (68dba2d8a0b149a1d3afac56fa74648032bcf46b-refs/branch-heads/4324@{#1784}), userDataDir=C:\Users\satishg\AppData\Local\Temp\scoped_dir3616_1355318160}, timeouts={implicit=0.0, pageLoad=300000.0, script=30000.0}, pageLoadStrategy=normal, unhandledPromptBehavior=dismiss and notify, strictFileInteractability=false, platform=ANY, proxy=Proxy(), goog:chromeOptions={debuggerAddress=localhost:65095}, acceptInsecureCerts=false, browserVersion=88.0.4324.182, browserName=chrome, javascriptEnabled=true, platformName=windows, setWindowRect=true, webauthn:extension:largeBlob=true, webauthn:virtualAuthenticators=true}]
Session ID: 937b70c502e3641ff531b9f68ec35dd6
*** Element info: {Using=xpath, value=//a[contains(text(),&amp;apos;Cyb_wbdyxs7b&amp;apos;)]}">
      <![CDATA[org.openqa.selenium.NoSuchElementException: no such element: Unable to locate element: {"method":"xpath","selector":"//a[contains(text(),'Cyb_wbdyxs7b')]"}
  (Session info: chrome=88.0.4324.182)
For documentation on this error, please visit: http://seleniumhq.org/exceptions/no_such_element.html
Build info: version: '3.4.0', revision: 'unknown', time: 'unknown'
System info: host: 'SATISHG-W10', ip: '172.27.182.57', os.name: 'Windows 10', os.arch: 'amd64', os.version: '10.0', java.version: '1.8.0_271'
Driver info: org.openqa.selenium.chrome.ChromeDriver
Capabilities [{networkConnectionEnabled=false, chrome={chromedriverVersion=88.0.4324.96 (68dba2d8a0b149a1d3afac56fa74648032bcf46b-refs/branch-heads/4324@{#1784}), userDataDir=C:\Users\satishg\AppData\Local\Temp\scoped_dir3616_1355318160}, timeouts={implicit=0.0, pageLoad=300000.0, script=30000.0}, pageLoadStrategy=normal, unhandledPromptBehavior=dismiss and notify, strictFileInteractability=false, platform=ANY, proxy=Proxy(), goog:chromeOptions={debuggerAddress=localhost:65095}, acceptInsecureCerts=false, browserVersion=88.0.4324.182, browserName=chrome, javascriptEnabled=true, platformName=windows, setWindowRect=true, webauthn:extension:largeBlob=true, webauthn:virtualAuthenticators=true}]
Session ID: 937b70c502e3641ff531b9f68ec35dd6
*** Element info: {Using=xpath, value=//a[contains(text(),'Cyb_wbdyxs7b')]}
	at org.openqa.selenium.remote.http.W3CHttpResponseCodec.createException(W3CHttpResponseCodec.java:150)
	at org.openqa.selenium.remote.http.W3CHttpResponseCodec.decode(W3CHttpResponseCodec.java:115)
	at org.openqa.selenium.remote.http.W3CHttpResponseCodec.decode(W3CHttpResponseCodec.java:45)
	at org.openqa.selenium.remote.HttpCommandExecutor.execute(HttpCommandExecutor.java:164)
	at org.openqa.selenium.remote.service.DriverCommandExecutor.execute(DriverCommandExecutor.java:82)
	at org.openqa.selenium.remote.RemoteWebDriver.execute(RemoteWebDriver.java:637)
	at org.openqa.selenium.remote.RemoteWebDriver.findElement(RemoteWebDriver.java:410)
	at org.openqa.selenium.remote.RemoteWebDriver.findElementByXPath(RemoteWebDriver.java:509)
	at org.openqa.selenium.By$ByXPath.findElement(By.java:361)
	at org.openqa.selenium.remote.RemoteWebDriver.findElement(RemoteWebDriver.java:402)
	at crmframework.crmAutomation.AccountPageTest.verify_TS9_DeactivateAccountTest(AccountPageTest.java:464)
... Removed 28 stack frames]]>
    </failure>
  </testcase> <!-- verify_TS9_DeactivateAccountTest -->
  <testcase name="verify_TS10_ParentAccountTest" time="61.225" classname="crmframework.crmAutomation.AccountPageTest">
    <failure type="org.openqa.selenium.TimeoutException" message="Expected condition failed: waiting for visibility of element located by By.xpath: //span[@id=&amp;apos;id-276390f9-8bbf-4452-8f24-636b0ccaee2c-4-parentaccountid6-parentaccountid.fieldControl-LookupResultsDropdown_parentaccountid_0_resultsLabel_0_0&amp;apos;] (tried for 20 second(s) with 500 MILLISECONDS interval)">
      <![CDATA[org.openqa.selenium.TimeoutException: Expected condition failed: waiting for visibility of element located by By.xpath: //span[@id='id-276390f9-8bbf-4452-8f24-636b0ccaee2c-4-parentaccountid6-parentaccountid.fieldControl-LookupResultsDropdown_parentaccountid_0_resultsLabel_0_0'] (tried for 20 second(s) with 500 MILLISECONDS interval)
	at org.openqa.selenium.support.ui.WebDriverWait.timeoutException(WebDriverWait.java:80)
	at org.openqa.selenium.support.ui.FluentWait.until(FluentWait.java:232)
	at pageObjects.CRMAccountsPage.selectParentAccName(CRMAccountsPage.java:370)
	at crmframework.crmAutomation.AccountPageTest.verify_TS10_ParentAccountTest(AccountPageTest.java:536)
Caused by: org.openqa.selenium.NoSuchElementException: Cannot locate an element using By.xpath: //span[@id='id-276390f9-8bbf-4452-8f24-636b0ccaee2c-4-parentaccountid6-parentaccountid.fieldControl-LookupResultsDropdown_parentaccountid_0_resultsLabel_0_0']
For documentation on this error, please visit: http://seleniumhq.org/exceptions/no_such_element.html
Build info: version: '3.4.0', revision: 'unknown', time: 'unknown'
System info: host: 'SATISHG-W10', ip: '172.27.182.57', os.name: 'Windows 10', os.arch: 'amd64', os.version: '10.0', java.version: '1.8.0_271'
Driver info: driver.version: unknown
	at org.openqa.selenium.support.ui.ExpectedConditions.lambda$findElement$0(ExpectedConditions.java:883)
	at java.util.Optional.orElseThrow(Unknown Source)
	at org.openqa.selenium.support.ui.ExpectedConditions.findElement(ExpectedConditions.java:882)
	at org.openqa.selenium.support.ui.ExpectedConditions.access$000(ExpectedConditions.java:44)
	at org.openqa.selenium.support.ui.ExpectedConditions$7.apply(ExpectedConditions.java:206)
	at org.openqa.selenium.support.ui.ExpectedConditions$7.apply(ExpectedConditions.java:202)
	at org.openqa.selenium.support.ui.FluentWait.until(FluentWait.java:209)
	... 26 more
... Removed 24 stack frames]]>
    </failure>
  </testcase> <!-- verify_TS10_ParentAccountTest -->
  <testcase name="verify_TS11_AccountStatusToActivateAccountTest" time="39.529" classname="crmframework.crmAutomation.AccountPageTest"/>
  <testcase name="verify_TS12_AccountStatusToDeactivateAccountTest" time="29.813" classname="crmframework.crmAutomation.AccountPageTest"/>
  <testcase name="verify_TS13_MediaSegmentationFieldTest" time="81.885" classname="crmframework.crmAutomation.AccountPageTest"/>
  <testcase name="verify_TS14_AddNoteToAccountTest" time="58.683" classname="crmframework.crmAutomation.AccountPageTest"/>
  <testcase name="verify_TS15_AddNewPostToAccountTest" time="33.179" classname="crmframework.crmAutomation.AccountPageTest"/>
  <testcase name="verify_TS16_AuditHistoryTabOnAccountTest" time="26.833" classname="crmframework.crmAutomation.AccountPageTest"/>
  <testcase name="verify_TS17_PhoneCallOnAccountTest" time="58.95" classname="crmframework.crmAutomation.AccountPageTest">
    <failure type="org.openqa.selenium.TimeoutException" message="Expected condition failed: waiting for visibility of element located by By.xpath: //button[@class=&amp;apos;dayButton-222 dayIsToday-223 ms-CalendarDay-dayIsToday&amp;apos;] (tried for 15 second(s) with 500 MILLISECONDS interval)">
      <![CDATA[org.openqa.selenium.TimeoutException: Expected condition failed: waiting for visibility of element located by By.xpath: //button[@class='dayButton-222 dayIsToday-223 ms-CalendarDay-dayIsToday'] (tried for 15 second(s) with 500 MILLISECONDS interval)
	at org.openqa.selenium.support.ui.WebDriverWait.timeoutException(WebDriverWait.java:80)
	at org.openqa.selenium.support.ui.FluentWait.until(FluentWait.java:232)
	at pageObjects.CRMAccountsPage.getphonecallduedatecurrent(CRMAccountsPage.java:616)
	at crmframework.crmAutomation.AccountPageTest.verify_TS17_PhoneCallOnAccountTest(AccountPageTest.java:884)
Caused by: org.openqa.selenium.NoSuchElementException: Cannot locate an element using By.xpath: //button[@class='dayButton-222 dayIsToday-223 ms-CalendarDay-dayIsToday']
For documentation on this error, please visit: http://seleniumhq.org/exceptions/no_such_element.html
Build info: version: '3.4.0', revision: 'unknown', time: 'unknown'
System info: host: 'SATISHG-W10', ip: '172.27.182.57', os.name: 'Windows 10', os.arch: 'amd64', os.version: '10.0', java.version: '1.8.0_271'
Driver info: driver.version: unknown
	at org.openqa.selenium.support.ui.ExpectedConditions.lambda$findElement$0(ExpectedConditions.java:883)
	at java.util.Optional.orElseThrow(Unknown Source)
	at org.openqa.selenium.support.ui.ExpectedConditions.findElement(ExpectedConditions.java:882)
	at org.openqa.selenium.support.ui.ExpectedConditions.access$000(ExpectedConditions.java:44)
	at org.openqa.selenium.support.ui.ExpectedConditions$7.apply(ExpectedConditions.java:206)
	at org.openqa.selenium.support.ui.ExpectedConditions$7.apply(ExpectedConditions.java:202)
	at org.openqa.selenium.support.ui.FluentWait.until(FluentWait.java:209)
	... 26 more
... Removed 24 stack frames]]>
    </failure>
  </testcase> <!-- verify_TS17_PhoneCallOnAccountTest -->
  <testcase name="verify_TS18_SateAndRegionInGridTest" time="40.237" classname="crmframework.crmAutomation.AccountPageTest">
    <failure type="org.openqa.selenium.NoSuchElementException" message="no such element: Unable to locate element: {&amp;quot;method&amp;quot;:&amp;quot;xpath&amp;quot;,&amp;quot;selector&amp;quot;:&amp;quot;//a[@id=&amp;apos;F_link&amp;apos;]&amp;quot;}
  (Session info: chrome=88.0.4324.182)
For documentation on this error, please visit: http://seleniumhq.org/exceptions/no_such_element.html
Build info: version: &amp;apos;3.4.0&amp;apos;, revision: &amp;apos;unknown&amp;apos;, time: &amp;apos;unknown&amp;apos;
System info: host: &amp;apos;SATISHG-W10&amp;apos;, ip: &amp;apos;172.27.182.57&amp;apos;, os.name: &amp;apos;Windows 10&amp;apos;, os.arch: &amp;apos;amd64&amp;apos;, os.version: &amp;apos;10.0&amp;apos;, java.version: &amp;apos;1.8.0_271&amp;apos;
Driver info: org.openqa.selenium.chrome.ChromeDriver
Capabilities [{networkConnectionEnabled=false, chrome={chromedriverVersion=88.0.4324.96 (68dba2d8a0b149a1d3afac56fa74648032bcf46b-refs/branch-heads/4324@{#1784}), userDataDir=C:\Users\satishg\AppData\Local\Temp\scoped_dir3616_1355318160}, timeouts={implicit=0.0, pageLoad=300000.0, script=30000.0}, pageLoadStrategy=normal, unhandledPromptBehavior=dismiss and notify, strictFileInteractability=false, platform=ANY, proxy=Proxy(), goog:chromeOptions={debuggerAddress=localhost:65095}, acceptInsecureCerts=false, browserVersion=88.0.4324.182, browserName=chrome, javascriptEnabled=true, platformName=windows, setWindowRect=true, webauthn:extension:largeBlob=true, webauthn:virtualAuthenticators=true}]
Session ID: 937b70c502e3641ff531b9f68ec35dd6
*** Element info: {Using=xpath, value=//a[@id=&amp;apos;F_link&amp;apos;]}">
      <![CDATA[org.openqa.selenium.NoSuchElementException: no such element: Unable to locate element: {"method":"xpath","selector":"//a[@id='F_link']"}
  (Session info: chrome=88.0.4324.182)
For documentation on this error, please visit: http://seleniumhq.org/exceptions/no_such_element.html
Build info: version: '3.4.0', revision: 'unknown', time: 'unknown'
System info: host: 'SATISHG-W10', ip: '172.27.182.57', os.name: 'Windows 10', os.arch: 'amd64', os.version: '10.0', java.version: '1.8.0_271'
Driver info: org.openqa.selenium.chrome.ChromeDriver
Capabilities [{networkConnectionEnabled=false, chrome={chromedriverVersion=88.0.4324.96 (68dba2d8a0b149a1d3afac56fa74648032bcf46b-refs/branch-heads/4324@{#1784}), userDataDir=C:\Users\satishg\AppData\Local\Temp\scoped_dir3616_1355318160}, timeouts={implicit=0.0, pageLoad=300000.0, script=30000.0}, pageLoadStrategy=normal, unhandledPromptBehavior=dismiss and notify, strictFileInteractability=false, platform=ANY, proxy=Proxy(), goog:chromeOptions={debuggerAddress=localhost:65095}, acceptInsecureCerts=false, browserVersion=88.0.4324.182, browserName=chrome, javascriptEnabled=true, platformName=windows, setWindowRect=true, webauthn:extension:largeBlob=true, webauthn:virtualAuthenticators=true}]
Session ID: 937b70c502e3641ff531b9f68ec35dd6
*** Element info: {Using=xpath, value=//a[@id='F_link']}
	at org.openqa.selenium.remote.http.W3CHttpResponseCodec.createException(W3CHttpResponseCodec.java:150)
	at org.openqa.selenium.remote.http.W3CHttpResponseCodec.decode(W3CHttpResponseCodec.java:115)
	at org.openqa.selenium.remote.http.W3CHttpResponseCodec.decode(W3CHttpResponseCodec.java:45)
	at org.openqa.selenium.remote.HttpCommandExecutor.execute(HttpCommandExecutor.java:164)
	at org.openqa.selenium.remote.service.DriverCommandExecutor.execute(DriverCommandExecutor.java:82)
	at org.openqa.selenium.remote.RemoteWebDriver.execute(RemoteWebDriver.java:637)
	at org.openqa.selenium.remote.RemoteWebDriver.findElement(RemoteWebDriver.java:410)
	at org.openqa.selenium.remote.RemoteWebDriver.findElementByXPath(RemoteWebDriver.java:509)
	at org.openqa.selenium.By$ByXPath.findElement(By.java:361)
	at org.openqa.selenium.remote.RemoteWebDriver.findElement(RemoteWebDriver.java:402)
	at pageObjects.CRMAccountsPage.getCLetterFilterLink(CRMAccountsPage.java:347)
	at crmframework.crmAutomation.AccountPageTest.verify_TS18_SateAndRegionInGridTest(AccountPageTest.java:922)
... Removed 28 stack frames]]>
    </failure>
  </testcase> <!-- verify_TS18_SateAndRegionInGridTest -->
  <testcase name="verify_TS19_NamePhoneCityInGridTest" time="1.146" classname="crmframework.crmAutomation.AccountPageTest">
    <failure type="org.openqa.selenium.WebDriverException" message="element click intercepted: Element &amp;lt;span class=&amp;quot;pa-br pa-at pa-ci pa-cj pa-ck pa-cl pa-v pa-ay pa-cm &amp;quot;&amp;gt;...&amp;lt;/span&amp;gt; is not clickable at point (72, 469). Other element would receive the click: &amp;lt;div id=&amp;quot;modalDialogRoot_43&amp;quot; tabindex=&amp;quot;-1&amp;quot; class=&amp;quot;pa-f pa-ah pa-a pa-at pa-as flexbox&amp;quot;&amp;gt;...&amp;lt;/div&amp;gt;
  (Session info: chrome=88.0.4324.182)
Build info: version: &amp;apos;3.4.0&amp;apos;, revision: &amp;apos;unknown&amp;apos;, time: &amp;apos;unknown&amp;apos;
System info: host: &amp;apos;SATISHG-W10&amp;apos;, ip: &amp;apos;172.27.182.57&amp;apos;, os.name: &amp;apos;Windows 10&amp;apos;, os.arch: &amp;apos;amd64&amp;apos;, os.version: &amp;apos;10.0&amp;apos;, java.version: &amp;apos;1.8.0_271&amp;apos;
Driver info: org.openqa.selenium.chrome.ChromeDriver
Capabilities [{networkConnectionEnabled=false, chrome={chromedriverVersion=88.0.4324.96 (68dba2d8a0b149a1d3afac56fa74648032bcf46b-refs/branch-heads/4324@{#1784}), userDataDir=C:\Users\satishg\AppData\Local\Temp\scoped_dir3616_1355318160}, timeouts={implicit=0.0, pageLoad=300000.0, script=30000.0}, pageLoadStrategy=normal, unhandledPromptBehavior=dismiss and notify, strictFileInteractability=false, platform=ANY, proxy=Proxy(), goog:chromeOptions={debuggerAddress=localhost:65095}, acceptInsecureCerts=false, browserVersion=88.0.4324.182, browserName=chrome, javascriptEnabled=true, platformName=windows, setWindowRect=true, webauthn:extension:largeBlob=true, webauthn:virtualAuthenticators=true}]
Session ID: 937b70c502e3641ff531b9f68ec35dd6">
      <![CDATA[org.openqa.selenium.WebDriverException: element click intercepted: Element <span class="pa-br pa-at pa-ci pa-cj pa-ck pa-cl pa-v pa-ay pa-cm ">...</span> is not clickable at point (72, 469). Other element would receive the click: <div id="modalDialogRoot_43" tabindex="-1" class="pa-f pa-ah pa-a pa-at pa-as flexbox">...</div>
  (Session info: chrome=88.0.4324.182)
Build info: version: '3.4.0', revision: 'unknown', time: 'unknown'
System info: host: 'SATISHG-W10', ip: '172.27.182.57', os.name: 'Windows 10', os.arch: 'amd64', os.version: '10.0', java.version: '1.8.0_271'
Driver info: org.openqa.selenium.chrome.ChromeDriver
Capabilities [{networkConnectionEnabled=false, chrome={chromedriverVersion=88.0.4324.96 (68dba2d8a0b149a1d3afac56fa74648032bcf46b-refs/branch-heads/4324@{#1784}), userDataDir=C:\Users\satishg\AppData\Local\Temp\scoped_dir3616_1355318160}, timeouts={implicit=0.0, pageLoad=300000.0, script=30000.0}, pageLoadStrategy=normal, unhandledPromptBehavior=dismiss and notify, strictFileInteractability=false, platform=ANY, proxy=Proxy(), goog:chromeOptions={debuggerAddress=localhost:65095}, acceptInsecureCerts=false, browserVersion=88.0.4324.182, browserName=chrome, javascriptEnabled=true, platformName=windows, setWindowRect=true, webauthn:extension:largeBlob=true, webauthn:virtualAuthenticators=true}]
Session ID: 937b70c502e3641ff531b9f68ec35dd6
	at org.openqa.selenium.remote.http.W3CHttpResponseCodec.createException(W3CHttpResponseCodec.java:150)
	at org.openqa.selenium.remote.http.W3CHttpResponseCodec.decode(W3CHttpResponseCodec.java:115)
	at org.openqa.selenium.remote.http.W3CHttpResponseCodec.decode(W3CHttpResponseCodec.java:45)
	at org.openqa.selenium.remote.HttpCommandExecutor.execute(HttpCommandExecutor.java:164)
	at org.openqa.selenium.remote.service.DriverCommandExecutor.execute(DriverCommandExecutor.java:82)
	at org.openqa.selenium.remote.RemoteWebDriver.execute(RemoteWebDriver.java:637)
	at org.openqa.selenium.remote.RemoteWebElement.execute(RemoteWebElement.java:272)
	at org.openqa.selenium.remote.RemoteWebElement.click(RemoteWebElement.java:82)
	at crmframework.crmAutomation.AccountPageTest.verify_TS19_NamePhoneCityInGridTest(AccountPageTest.java:979)
... Removed 28 stack frames]]>
    </failure>
  </testcase> <!-- verify_TS19_NamePhoneCityInGridTest -->
  <testcase name="verify_TS20_SearchusingAccountNameandPhoneTest" time="1.093" classname="crmframework.crmAutomation.AccountPageTest">
    <failure type="org.openqa.selenium.WebDriverException" message="element click intercepted: Element &amp;lt;span class=&amp;quot;pa-br pa-at pa-ci pa-cj pa-ck pa-cl pa-v pa-ay pa-cm &amp;quot;&amp;gt;...&amp;lt;/span&amp;gt; is not clickable at point (72, 469). Other element would receive the click: &amp;lt;div id=&amp;quot;modalDialogRoot_43&amp;quot; tabindex=&amp;quot;-1&amp;quot; class=&amp;quot;pa-f pa-ah pa-a pa-at pa-as flexbox&amp;quot;&amp;gt;...&amp;lt;/div&amp;gt;
  (Session info: chrome=88.0.4324.182)
Build info: version: &amp;apos;3.4.0&amp;apos;, revision: &amp;apos;unknown&amp;apos;, time: &amp;apos;unknown&amp;apos;
System info: host: &amp;apos;SATISHG-W10&amp;apos;, ip: &amp;apos;172.27.182.57&amp;apos;, os.name: &amp;apos;Windows 10&amp;apos;, os.arch: &amp;apos;amd64&amp;apos;, os.version: &amp;apos;10.0&amp;apos;, java.version: &amp;apos;1.8.0_271&amp;apos;
Driver info: org.openqa.selenium.chrome.ChromeDriver
Capabilities [{networkConnectionEnabled=false, chrome={chromedriverVersion=88.0.4324.96 (68dba2d8a0b149a1d3afac56fa74648032bcf46b-refs/branch-heads/4324@{#1784}), userDataDir=C:\Users\satishg\AppData\Local\Temp\scoped_dir3616_1355318160}, timeouts={implicit=0.0, pageLoad=300000.0, script=30000.0}, pageLoadStrategy=normal, unhandledPromptBehavior=dismiss and notify, strictFileInteractability=false, platform=ANY, proxy=Proxy(), goog:chromeOptions={debuggerAddress=localhost:65095}, acceptInsecureCerts=false, browserVersion=88.0.4324.182, browserName=chrome, javascriptEnabled=true, platformName=windows, setWindowRect=true, webauthn:extension:largeBlob=true, webauthn:virtualAuthenticators=true}]
Session ID: 937b70c502e3641ff531b9f68ec35dd6">
      <![CDATA[org.openqa.selenium.WebDriverException: element click intercepted: Element <span class="pa-br pa-at pa-ci pa-cj pa-ck pa-cl pa-v pa-ay pa-cm ">...</span> is not clickable at point (72, 469). Other element would receive the click: <div id="modalDialogRoot_43" tabindex="-1" class="pa-f pa-ah pa-a pa-at pa-as flexbox">...</div>
  (Session info: chrome=88.0.4324.182)
Build info: version: '3.4.0', revision: 'unknown', time: 'unknown'
System info: host: 'SATISHG-W10', ip: '172.27.182.57', os.name: 'Windows 10', os.arch: 'amd64', os.version: '10.0', java.version: '1.8.0_271'
Driver info: org.openqa.selenium.chrome.ChromeDriver
Capabilities [{networkConnectionEnabled=false, chrome={chromedriverVersion=88.0.4324.96 (68dba2d8a0b149a1d3afac56fa74648032bcf46b-refs/branch-heads/4324@{#1784}), userDataDir=C:\Users\satishg\AppData\Local\Temp\scoped_dir3616_1355318160}, timeouts={implicit=0.0, pageLoad=300000.0, script=30000.0}, pageLoadStrategy=normal, unhandledPromptBehavior=dismiss and notify, strictFileInteractability=false, platform=ANY, proxy=Proxy(), goog:chromeOptions={debuggerAddress=localhost:65095}, acceptInsecureCerts=false, browserVersion=88.0.4324.182, browserName=chrome, javascriptEnabled=true, platformName=windows, setWindowRect=true, webauthn:extension:largeBlob=true, webauthn:virtualAuthenticators=true}]
Session ID: 937b70c502e3641ff531b9f68ec35dd6
	at org.openqa.selenium.remote.http.W3CHttpResponseCodec.createException(W3CHttpResponseCodec.java:150)
	at org.openqa.selenium.remote.http.W3CHttpResponseCodec.decode(W3CHttpResponseCodec.java:115)
	at org.openqa.selenium.remote.http.W3CHttpResponseCodec.decode(W3CHttpResponseCodec.java:45)
	at org.openqa.selenium.remote.HttpCommandExecutor.execute(HttpCommandExecutor.java:164)
	at org.openqa.selenium.remote.service.DriverCommandExecutor.execute(DriverCommandExecutor.java:82)
	at org.openqa.selenium.remote.RemoteWebDriver.execute(RemoteWebDriver.java:637)
	at org.openqa.selenium.remote.RemoteWebElement.execute(RemoteWebElement.java:272)
	at org.openqa.selenium.remote.RemoteWebElement.click(RemoteWebElement.java:82)
	at crmframework.crmAutomation.AccountPageTest.verify_TS20_SearchusingAccountNameandPhoneTest(AccountPageTest.java:1078)
... Removed 28 stack frames]]>
    </failure>
  </testcase> <!-- verify_TS20_SearchusingAccountNameandPhoneTest -->
  <testcase name="verify_TS21_DuplicateAccountTest" time="1.148" classname="crmframework.crmAutomation.AccountPageTest">
    <failure type="org.openqa.selenium.WebDriverException" message="element click intercepted: Element &amp;lt;span class=&amp;quot;pa-br pa-at pa-ci pa-cj pa-ck pa-cl pa-v pa-ay pa-cm &amp;quot;&amp;gt;...&amp;lt;/span&amp;gt; is not clickable at point (72, 469). Other element would receive the click: &amp;lt;div id=&amp;quot;modalDialogRoot_43&amp;quot; tabindex=&amp;quot;-1&amp;quot; class=&amp;quot;pa-f pa-ah pa-a pa-at pa-as flexbox&amp;quot;&amp;gt;...&amp;lt;/div&amp;gt;
  (Session info: chrome=88.0.4324.182)
Build info: version: &amp;apos;3.4.0&amp;apos;, revision: &amp;apos;unknown&amp;apos;, time: &amp;apos;unknown&amp;apos;
System info: host: &amp;apos;SATISHG-W10&amp;apos;, ip: &amp;apos;172.27.182.57&amp;apos;, os.name: &amp;apos;Windows 10&amp;apos;, os.arch: &amp;apos;amd64&amp;apos;, os.version: &amp;apos;10.0&amp;apos;, java.version: &amp;apos;1.8.0_271&amp;apos;
Driver info: org.openqa.selenium.chrome.ChromeDriver
Capabilities [{networkConnectionEnabled=false, chrome={chromedriverVersion=88.0.4324.96 (68dba2d8a0b149a1d3afac56fa74648032bcf46b-refs/branch-heads/4324@{#1784}), userDataDir=C:\Users\satishg\AppData\Local\Temp\scoped_dir3616_1355318160}, timeouts={implicit=0.0, pageLoad=300000.0, script=30000.0}, pageLoadStrategy=normal, unhandledPromptBehavior=dismiss and notify, strictFileInteractability=false, platform=ANY, proxy=Proxy(), goog:chromeOptions={debuggerAddress=localhost:65095}, acceptInsecureCerts=false, browserVersion=88.0.4324.182, browserName=chrome, javascriptEnabled=true, platformName=windows, setWindowRect=true, webauthn:extension:largeBlob=true, webauthn:virtualAuthenticators=true}]
Session ID: 937b70c502e3641ff531b9f68ec35dd6">
      <![CDATA[org.openqa.selenium.WebDriverException: element click intercepted: Element <span class="pa-br pa-at pa-ci pa-cj pa-ck pa-cl pa-v pa-ay pa-cm ">...</span> is not clickable at point (72, 469). Other element would receive the click: <div id="modalDialogRoot_43" tabindex="-1" class="pa-f pa-ah pa-a pa-at pa-as flexbox">...</div>
  (Session info: chrome=88.0.4324.182)
Build info: version: '3.4.0', revision: 'unknown', time: 'unknown'
System info: host: 'SATISHG-W10', ip: '172.27.182.57', os.name: 'Windows 10', os.arch: 'amd64', os.version: '10.0', java.version: '1.8.0_271'
Driver info: org.openqa.selenium.chrome.ChromeDriver
Capabilities [{networkConnectionEnabled=false, chrome={chromedriverVersion=88.0.4324.96 (68dba2d8a0b149a1d3afac56fa74648032bcf46b-refs/branch-heads/4324@{#1784}), userDataDir=C:\Users\satishg\AppData\Local\Temp\scoped_dir3616_1355318160}, timeouts={implicit=0.0, pageLoad=300000.0, script=30000.0}, pageLoadStrategy=normal, unhandledPromptBehavior=dismiss and notify, strictFileInteractability=false, platform=ANY, proxy=Proxy(), goog:chromeOptions={debuggerAddress=localhost:65095}, acceptInsecureCerts=false, browserVersion=88.0.4324.182, browserName=chrome, javascriptEnabled=true, platformName=windows, setWindowRect=true, webauthn:extension:largeBlob=true, webauthn:virtualAuthenticators=true}]
Session ID: 937b70c502e3641ff531b9f68ec35dd6
	at org.openqa.selenium.remote.http.W3CHttpResponseCodec.createException(W3CHttpResponseCodec.java:150)
	at org.openqa.selenium.remote.http.W3CHttpResponseCodec.decode(W3CHttpResponseCodec.java:115)
	at org.openqa.selenium.remote.http.W3CHttpResponseCodec.decode(W3CHttpResponseCodec.java:45)
	at org.openqa.selenium.remote.HttpCommandExecutor.execute(HttpCommandExecutor.java:164)
	at org.openqa.selenium.remote.service.DriverCommandExecutor.execute(DriverCommandExecutor.java:82)
	at org.openqa.selenium.remote.RemoteWebDriver.execute(RemoteWebDriver.java:637)
	at org.openqa.selenium.remote.RemoteWebElement.execute(RemoteWebElement.java:272)
	at org.openqa.selenium.remote.RemoteWebElement.click(RemoteWebElement.java:82)
	at crmframework.crmAutomation.AccountPageTest.verify_TS21_DuplicateAccountTest(AccountPageTest.java:1143)
... Removed 28 stack frames]]>
    </failure>
  </testcase> <!-- verify_TS21_DuplicateAccountTest -->
  <testcase name="verify_TS22_ExportToExcelTest" time="1.101" classname="crmframework.crmAutomation.AccountPageTest">
    <failure type="org.openqa.selenium.WebDriverException" message="element click intercepted: Element &amp;lt;span class=&amp;quot;pa-br pa-at pa-ci pa-cj pa-ck pa-cl pa-v pa-ay pa-cm &amp;quot;&amp;gt;...&amp;lt;/span&amp;gt; is not clickable at point (72, 469). Other element would receive the click: &amp;lt;div id=&amp;quot;modalDialogRoot_43&amp;quot; tabindex=&amp;quot;-1&amp;quot; class=&amp;quot;pa-f pa-ah pa-a pa-at pa-as flexbox&amp;quot;&amp;gt;...&amp;lt;/div&amp;gt;
  (Session info: chrome=88.0.4324.182)
Build info: version: &amp;apos;3.4.0&amp;apos;, revision: &amp;apos;unknown&amp;apos;, time: &amp;apos;unknown&amp;apos;
System info: host: &amp;apos;SATISHG-W10&amp;apos;, ip: &amp;apos;172.27.182.57&amp;apos;, os.name: &amp;apos;Windows 10&amp;apos;, os.arch: &amp;apos;amd64&amp;apos;, os.version: &amp;apos;10.0&amp;apos;, java.version: &amp;apos;1.8.0_271&amp;apos;
Driver info: org.openqa.selenium.chrome.ChromeDriver
Capabilities [{networkConnectionEnabled=false, chrome={chromedriverVersion=88.0.4324.96 (68dba2d8a0b149a1d3afac56fa74648032bcf46b-refs/branch-heads/4324@{#1784}), userDataDir=C:\Users\satishg\AppData\Local\Temp\scoped_dir3616_1355318160}, timeouts={implicit=0.0, pageLoad=300000.0, script=30000.0}, pageLoadStrategy=normal, unhandledPromptBehavior=dismiss and notify, strictFileInteractability=false, platform=ANY, proxy=Proxy(), goog:chromeOptions={debuggerAddress=localhost:65095}, acceptInsecureCerts=false, browserVersion=88.0.4324.182, browserName=chrome, javascriptEnabled=true, platformName=windows, setWindowRect=true, webauthn:extension:largeBlob=true, webauthn:virtualAuthenticators=true}]
Session ID: 937b70c502e3641ff531b9f68ec35dd6">
      <![CDATA[org.openqa.selenium.WebDriverException: element click intercepted: Element <span class="pa-br pa-at pa-ci pa-cj pa-ck pa-cl pa-v pa-ay pa-cm ">...</span> is not clickable at point (72, 469). Other element would receive the click: <div id="modalDialogRoot_43" tabindex="-1" class="pa-f pa-ah pa-a pa-at pa-as flexbox">...</div>
  (Session info: chrome=88.0.4324.182)
Build info: version: '3.4.0', revision: 'unknown', time: 'unknown'
System info: host: 'SATISHG-W10', ip: '172.27.182.57', os.name: 'Windows 10', os.arch: 'amd64', os.version: '10.0', java.version: '1.8.0_271'
Driver info: org.openqa.selenium.chrome.ChromeDriver
Capabilities [{networkConnectionEnabled=false, chrome={chromedriverVersion=88.0.4324.96 (68dba2d8a0b149a1d3afac56fa74648032bcf46b-refs/branch-heads/4324@{#1784}), userDataDir=C:\Users\satishg\AppData\Local\Temp\scoped_dir3616_1355318160}, timeouts={implicit=0.0, pageLoad=300000.0, script=30000.0}, pageLoadStrategy=normal, unhandledPromptBehavior=dismiss and notify, strictFileInteractability=false, platform=ANY, proxy=Proxy(), goog:chromeOptions={debuggerAddress=localhost:65095}, acceptInsecureCerts=false, browserVersion=88.0.4324.182, browserName=chrome, javascriptEnabled=true, platformName=windows, setWindowRect=true, webauthn:extension:largeBlob=true, webauthn:virtualAuthenticators=true}]
Session ID: 937b70c502e3641ff531b9f68ec35dd6
	at org.openqa.selenium.remote.http.W3CHttpResponseCodec.createException(W3CHttpResponseCodec.java:150)
	at org.openqa.selenium.remote.http.W3CHttpResponseCodec.decode(W3CHttpResponseCodec.java:115)
	at org.openqa.selenium.remote.http.W3CHttpResponseCodec.decode(W3CHttpResponseCodec.java:45)
	at org.openqa.selenium.remote.HttpCommandExecutor.execute(HttpCommandExecutor.java:164)
	at org.openqa.selenium.remote.service.DriverCommandExecutor.execute(DriverCommandExecutor.java:82)
	at org.openqa.selenium.remote.RemoteWebDriver.execute(RemoteWebDriver.java:637)
	at org.openqa.selenium.remote.RemoteWebElement.execute(RemoteWebElement.java:272)
	at org.openqa.selenium.remote.RemoteWebElement.click(RemoteWebElement.java:82)
	at crmframework.crmAutomation.AccountPageTest.verify_TS22_ExportToExcelTest(AccountPageTest.java:1267)
... Removed 28 stack frames]]>
    </failure>
  </testcase> <!-- verify_TS22_ExportToExcelTest -->
  <testcase name="verify_TS23_AddContactTest" time="1.384" classname="crmframework.crmAutomation.AccountPageTest">
    <failure type="org.openqa.selenium.WebDriverException" message="element click intercepted: Element &amp;lt;span class=&amp;quot;pa-br pa-at pa-ci pa-cj pa-ck pa-cl pa-v pa-ay pa-cm &amp;quot;&amp;gt;...&amp;lt;/span&amp;gt; is not clickable at point (72, 469). Other element would receive the click: &amp;lt;div id=&amp;quot;modalDialogRoot_43&amp;quot; tabindex=&amp;quot;-1&amp;quot; class=&amp;quot;pa-f pa-ah pa-a pa-at pa-as flexbox&amp;quot;&amp;gt;...&amp;lt;/div&amp;gt;
  (Session info: chrome=88.0.4324.182)
Build info: version: &amp;apos;3.4.0&amp;apos;, revision: &amp;apos;unknown&amp;apos;, time: &amp;apos;unknown&amp;apos;
System info: host: &amp;apos;SATISHG-W10&amp;apos;, ip: &amp;apos;172.27.182.57&amp;apos;, os.name: &amp;apos;Windows 10&amp;apos;, os.arch: &amp;apos;amd64&amp;apos;, os.version: &amp;apos;10.0&amp;apos;, java.version: &amp;apos;1.8.0_271&amp;apos;
Driver info: org.openqa.selenium.chrome.ChromeDriver
Capabilities [{networkConnectionEnabled=false, chrome={chromedriverVersion=88.0.4324.96 (68dba2d8a0b149a1d3afac56fa74648032bcf46b-refs/branch-heads/4324@{#1784}), userDataDir=C:\Users\satishg\AppData\Local\Temp\scoped_dir3616_1355318160}, timeouts={implicit=0.0, pageLoad=300000.0, script=30000.0}, pageLoadStrategy=normal, unhandledPromptBehavior=dismiss and notify, strictFileInteractability=false, platform=ANY, proxy=Proxy(), goog:chromeOptions={debuggerAddress=localhost:65095}, acceptInsecureCerts=false, browserVersion=88.0.4324.182, browserName=chrome, javascriptEnabled=true, platformName=windows, setWindowRect=true, webauthn:extension:largeBlob=true, webauthn:virtualAuthenticators=true}]
Session ID: 937b70c502e3641ff531b9f68ec35dd6">
      <![CDATA[org.openqa.selenium.WebDriverException: element click intercepted: Element <span class="pa-br pa-at pa-ci pa-cj pa-ck pa-cl pa-v pa-ay pa-cm ">...</span> is not clickable at point (72, 469). Other element would receive the click: <div id="modalDialogRoot_43" tabindex="-1" class="pa-f pa-ah pa-a pa-at pa-as flexbox">...</div>
  (Session info: chrome=88.0.4324.182)
Build info: version: '3.4.0', revision: 'unknown', time: 'unknown'
System info: host: 'SATISHG-W10', ip: '172.27.182.57', os.name: 'Windows 10', os.arch: 'amd64', os.version: '10.0', java.version: '1.8.0_271'
Driver info: org.openqa.selenium.chrome.ChromeDriver
Capabilities [{networkConnectionEnabled=false, chrome={chromedriverVersion=88.0.4324.96 (68dba2d8a0b149a1d3afac56fa74648032bcf46b-refs/branch-heads/4324@{#1784}), userDataDir=C:\Users\satishg\AppData\Local\Temp\scoped_dir3616_1355318160}, timeouts={implicit=0.0, pageLoad=300000.0, script=30000.0}, pageLoadStrategy=normal, unhandledPromptBehavior=dismiss and notify, strictFileInteractability=false, platform=ANY, proxy=Proxy(), goog:chromeOptions={debuggerAddress=localhost:65095}, acceptInsecureCerts=false, browserVersion=88.0.4324.182, browserName=chrome, javascriptEnabled=true, platformName=windows, setWindowRect=true, webauthn:extension:largeBlob=true, webauthn:virtualAuthenticators=true}]
Session ID: 937b70c502e3641ff531b9f68ec35dd6
	at org.openqa.selenium.remote.http.W3CHttpResponseCodec.createException(W3CHttpResponseCodec.java:150)
	at org.openqa.selenium.remote.http.W3CHttpResponseCodec.decode(W3CHttpResponseCodec.java:115)
	at org.openqa.selenium.remote.http.W3CHttpResponseCodec.decode(W3CHttpResponseCodec.java:45)
	at org.openqa.selenium.remote.HttpCommandExecutor.execute(HttpCommandExecutor.java:164)
	at org.openqa.selenium.remote.service.DriverCommandExecutor.execute(DriverCommandExecutor.java:82)
	at org.openqa.selenium.remote.RemoteWebDriver.execute(RemoteWebDriver.java:637)
	at org.openqa.selenium.remote.RemoteWebElement.execute(RemoteWebElement.java:272)
	at org.openqa.selenium.remote.RemoteWebElement.click(RemoteWebElement.java:82)
	at crmframework.crmAutomation.AccountPageTest.verify_TS23_AddContactTest(AccountPageTest.java:1335)
... Removed 28 stack frames]]>
    </failure>
  </testcase> <!-- verify_TS23_AddContactTest -->
  <testcase name="verify_TS24_UpdateContactsFromAccountFormTest" time="1.084" classname="crmframework.crmAutomation.AccountPageTest">
    <failure type="org.openqa.selenium.WebDriverException" message="element click intercepted: Element &amp;lt;span class=&amp;quot;pa-br pa-at pa-ci pa-cj pa-ck pa-cl pa-v pa-ay pa-cm &amp;quot;&amp;gt;...&amp;lt;/span&amp;gt; is not clickable at point (72, 469). Other element would receive the click: &amp;lt;div id=&amp;quot;modalDialogRoot_43&amp;quot; tabindex=&amp;quot;-1&amp;quot; class=&amp;quot;pa-f pa-ah pa-a pa-at pa-as flexbox&amp;quot;&amp;gt;...&amp;lt;/div&amp;gt;
  (Session info: chrome=88.0.4324.182)
Build info: version: &amp;apos;3.4.0&amp;apos;, revision: &amp;apos;unknown&amp;apos;, time: &amp;apos;unknown&amp;apos;
System info: host: &amp;apos;SATISHG-W10&amp;apos;, ip: &amp;apos;172.27.182.57&amp;apos;, os.name: &amp;apos;Windows 10&amp;apos;, os.arch: &amp;apos;amd64&amp;apos;, os.version: &amp;apos;10.0&amp;apos;, java.version: &amp;apos;1.8.0_271&amp;apos;
Driver info: org.openqa.selenium.chrome.ChromeDriver
Capabilities [{networkConnectionEnabled=false, chrome={chromedriverVersion=88.0.4324.96 (68dba2d8a0b149a1d3afac56fa74648032bcf46b-refs/branch-heads/4324@{#1784}), userDataDir=C:\Users\satishg\AppData\Local\Temp\scoped_dir3616_1355318160}, timeouts={implicit=0.0, pageLoad=300000.0, script=30000.0}, pageLoadStrategy=normal, unhandledPromptBehavior=dismiss and notify, strictFileInteractability=false, platform=ANY, proxy=Proxy(), goog:chromeOptions={debuggerAddress=localhost:65095}, acceptInsecureCerts=false, browserVersion=88.0.4324.182, browserName=chrome, javascriptEnabled=true, platformName=windows, setWindowRect=true, webauthn:extension:largeBlob=true, webauthn:virtualAuthenticators=true}]
Session ID: 937b70c502e3641ff531b9f68ec35dd6">
      <![CDATA[org.openqa.selenium.WebDriverException: element click intercepted: Element <span class="pa-br pa-at pa-ci pa-cj pa-ck pa-cl pa-v pa-ay pa-cm ">...</span> is not clickable at point (72, 469). Other element would receive the click: <div id="modalDialogRoot_43" tabindex="-1" class="pa-f pa-ah pa-a pa-at pa-as flexbox">...</div>
  (Session info: chrome=88.0.4324.182)
Build info: version: '3.4.0', revision: 'unknown', time: 'unknown'
System info: host: 'SATISHG-W10', ip: '172.27.182.57', os.name: 'Windows 10', os.arch: 'amd64', os.version: '10.0', java.version: '1.8.0_271'
Driver info: org.openqa.selenium.chrome.ChromeDriver
Capabilities [{networkConnectionEnabled=false, chrome={chromedriverVersion=88.0.4324.96 (68dba2d8a0b149a1d3afac56fa74648032bcf46b-refs/branch-heads/4324@{#1784}), userDataDir=C:\Users\satishg\AppData\Local\Temp\scoped_dir3616_1355318160}, timeouts={implicit=0.0, pageLoad=300000.0, script=30000.0}, pageLoadStrategy=normal, unhandledPromptBehavior=dismiss and notify, strictFileInteractability=false, platform=ANY, proxy=Proxy(), goog:chromeOptions={debuggerAddress=localhost:65095}, acceptInsecureCerts=false, browserVersion=88.0.4324.182, browserName=chrome, javascriptEnabled=true, platformName=windows, setWindowRect=true, webauthn:extension:largeBlob=true, webauthn:virtualAuthenticators=true}]
Session ID: 937b70c502e3641ff531b9f68ec35dd6
	at org.openqa.selenium.remote.http.W3CHttpResponseCodec.createException(W3CHttpResponseCodec.java:150)
	at org.openqa.selenium.remote.http.W3CHttpResponseCodec.decode(W3CHttpResponseCodec.java:115)
	at org.openqa.selenium.remote.http.W3CHttpResponseCodec.decode(W3CHttpResponseCodec.java:45)
	at org.openqa.selenium.remote.HttpCommandExecutor.execute(HttpCommandExecutor.java:164)
	at org.openqa.selenium.remote.service.DriverCommandExecutor.execute(DriverCommandExecutor.java:82)
	at org.openqa.selenium.remote.RemoteWebDriver.execute(RemoteWebDriver.java:637)
	at org.openqa.selenium.remote.RemoteWebElement.execute(RemoteWebElement.java:272)
	at org.openqa.selenium.remote.RemoteWebElement.click(RemoteWebElement.java:82)
	at crmframework.crmAutomation.AccountPageTest.verify_TS24_UpdateContactsFromAccountFormTest(AccountPageTest.java:1380)
... Removed 28 stack frames]]>
    </failure>
  </testcase> <!-- verify_TS24_UpdateContactsFromAccountFormTest -->
  <testcase name="verify_TS25_AssociatedContactsAccountStatusOfDeactivatedAccountTest" time="1.437" classname="crmframework.crmAutomation.AccountPageTest">
    <failure type="org.openqa.selenium.WebDriverException" message="element click intercepted: Element &amp;lt;span class=&amp;quot;pa-br pa-at pa-ci pa-cj pa-ck pa-cl pa-v pa-ay pa-cm &amp;quot;&amp;gt;...&amp;lt;/span&amp;gt; is not clickable at point (72, 469). Other element would receive the click: &amp;lt;div id=&amp;quot;modalDialogRoot_43&amp;quot; tabindex=&amp;quot;-1&amp;quot; class=&amp;quot;pa-f pa-ah pa-a pa-at pa-as flexbox&amp;quot;&amp;gt;...&amp;lt;/div&amp;gt;
  (Session info: chrome=88.0.4324.182)
Build info: version: &amp;apos;3.4.0&amp;apos;, revision: &amp;apos;unknown&amp;apos;, time: &amp;apos;unknown&amp;apos;
System info: host: &amp;apos;SATISHG-W10&amp;apos;, ip: &amp;apos;172.27.182.57&amp;apos;, os.name: &amp;apos;Windows 10&amp;apos;, os.arch: &amp;apos;amd64&amp;apos;, os.version: &amp;apos;10.0&amp;apos;, java.version: &amp;apos;1.8.0_271&amp;apos;
Driver info: org.openqa.selenium.chrome.ChromeDriver
Capabilities [{networkConnectionEnabled=false, chrome={chromedriverVersion=88.0.4324.96 (68dba2d8a0b149a1d3afac56fa74648032bcf46b-refs/branch-heads/4324@{#1784}), userDataDir=C:\Users\satishg\AppData\Local\Temp\scoped_dir3616_1355318160}, timeouts={implicit=0.0, pageLoad=300000.0, script=30000.0}, pageLoadStrategy=normal, unhandledPromptBehavior=dismiss and notify, strictFileInteractability=false, platform=ANY, proxy=Proxy(), goog:chromeOptions={debuggerAddress=localhost:65095}, acceptInsecureCerts=false, browserVersion=88.0.4324.182, browserName=chrome, javascriptEnabled=true, platformName=windows, setWindowRect=true, webauthn:extension:largeBlob=true, webauthn:virtualAuthenticators=true}]
Session ID: 937b70c502e3641ff531b9f68ec35dd6">
      <![CDATA[org.openqa.selenium.WebDriverException: element click intercepted: Element <span class="pa-br pa-at pa-ci pa-cj pa-ck pa-cl pa-v pa-ay pa-cm ">...</span> is not clickable at point (72, 469). Other element would receive the click: <div id="modalDialogRoot_43" tabindex="-1" class="pa-f pa-ah pa-a pa-at pa-as flexbox">...</div>
  (Session info: chrome=88.0.4324.182)
Build info: version: '3.4.0', revision: 'unknown', time: 'unknown'
System info: host: 'SATISHG-W10', ip: '172.27.182.57', os.name: 'Windows 10', os.arch: 'amd64', os.version: '10.0', java.version: '1.8.0_271'
Driver info: org.openqa.selenium.chrome.ChromeDriver
Capabilities [{networkConnectionEnabled=false, chrome={chromedriverVersion=88.0.4324.96 (68dba2d8a0b149a1d3afac56fa74648032bcf46b-refs/branch-heads/4324@{#1784}), userDataDir=C:\Users\satishg\AppData\Local\Temp\scoped_dir3616_1355318160}, timeouts={implicit=0.0, pageLoad=300000.0, script=30000.0}, pageLoadStrategy=normal, unhandledPromptBehavior=dismiss and notify, strictFileInteractability=false, platform=ANY, proxy=Proxy(), goog:chromeOptions={debuggerAddress=localhost:65095}, acceptInsecureCerts=false, browserVersion=88.0.4324.182, browserName=chrome, javascriptEnabled=true, platformName=windows, setWindowRect=true, webauthn:extension:largeBlob=true, webauthn:virtualAuthenticators=true}]
Session ID: 937b70c502e3641ff531b9f68ec35dd6
	at org.openqa.selenium.remote.http.W3CHttpResponseCodec.createException(W3CHttpResponseCodec.java:150)
	at org.openqa.selenium.remote.http.W3CHttpResponseCodec.decode(W3CHttpResponseCodec.java:115)
	at org.openqa.selenium.remote.http.W3CHttpResponseCodec.decode(W3CHttpResponseCodec.java:45)
	at org.openqa.selenium.remote.HttpCommandExecutor.execute(HttpCommandExecutor.java:164)
	at org.openqa.selenium.remote.service.DriverCommandExecutor.execute(DriverCommandExecutor.java:82)
	at org.openqa.selenium.remote.RemoteWebDriver.execute(RemoteWebDriver.java:637)
	at org.openqa.selenium.remote.RemoteWebElement.execute(RemoteWebElement.java:272)
	at org.openqa.selenium.remote.RemoteWebElement.click(RemoteWebElement.java:82)
	at crmframework.crmAutomation.AccountPageTest.verify_TS25_AssociatedContactsAccountStatusOfDeactivatedAccountTest(AccountPageTest.java:1475)
... Removed 28 stack frames]]>
    </failure>
  </testcase> <!-- verify_TS25_AssociatedContactsAccountStatusOfDeactivatedAccountTest -->
  <testcase name="verify_TS26_validateBusinessRuleForPhoneNumberTest" time="1.363" classname="crmframework.crmAutomation.AccountPageTest">
    <failure type="org.openqa.selenium.WebDriverException" message="element click intercepted: Element &amp;lt;span class=&amp;quot;pa-br pa-at pa-ci pa-cj pa-ck pa-cl pa-v pa-ay pa-cm &amp;quot;&amp;gt;...&amp;lt;/span&amp;gt; is not clickable at point (72, 469). Other element would receive the click: &amp;lt;div id=&amp;quot;modalDialogRoot_43&amp;quot; tabindex=&amp;quot;-1&amp;quot; class=&amp;quot;pa-f pa-ah pa-a pa-at pa-as flexbox&amp;quot;&amp;gt;...&amp;lt;/div&amp;gt;
  (Session info: chrome=88.0.4324.182)
Build info: version: &amp;apos;3.4.0&amp;apos;, revision: &amp;apos;unknown&amp;apos;, time: &amp;apos;unknown&amp;apos;
System info: host: &amp;apos;SATISHG-W10&amp;apos;, ip: &amp;apos;172.27.182.57&amp;apos;, os.name: &amp;apos;Windows 10&amp;apos;, os.arch: &amp;apos;amd64&amp;apos;, os.version: &amp;apos;10.0&amp;apos;, java.version: &amp;apos;1.8.0_271&amp;apos;
Driver info: org.openqa.selenium.chrome.ChromeDriver
Capabilities [{networkConnectionEnabled=false, chrome={chromedriverVersion=88.0.4324.96 (68dba2d8a0b149a1d3afac56fa74648032bcf46b-refs/branch-heads/4324@{#1784}), userDataDir=C:\Users\satishg\AppData\Local\Temp\scoped_dir3616_1355318160}, timeouts={implicit=0.0, pageLoad=300000.0, script=30000.0}, pageLoadStrategy=normal, unhandledPromptBehavior=dismiss and notify, strictFileInteractability=false, platform=ANY, proxy=Proxy(), goog:chromeOptions={debuggerAddress=localhost:65095}, acceptInsecureCerts=false, browserVersion=88.0.4324.182, browserName=chrome, javascriptEnabled=true, platformName=windows, setWindowRect=true, webauthn:extension:largeBlob=true, webauthn:virtualAuthenticators=true}]
Session ID: 937b70c502e3641ff531b9f68ec35dd6">
      <![CDATA[org.openqa.selenium.WebDriverException: element click intercepted: Element <span class="pa-br pa-at pa-ci pa-cj pa-ck pa-cl pa-v pa-ay pa-cm ">...</span> is not clickable at point (72, 469). Other element would receive the click: <div id="modalDialogRoot_43" tabindex="-1" class="pa-f pa-ah pa-a pa-at pa-as flexbox">...</div>
  (Session info: chrome=88.0.4324.182)
Build info: version: '3.4.0', revision: 'unknown', time: 'unknown'
System info: host: 'SATISHG-W10', ip: '172.27.182.57', os.name: 'Windows 10', os.arch: 'amd64', os.version: '10.0', java.version: '1.8.0_271'
Driver info: org.openqa.selenium.chrome.ChromeDriver
Capabilities [{networkConnectionEnabled=false, chrome={chromedriverVersion=88.0.4324.96 (68dba2d8a0b149a1d3afac56fa74648032bcf46b-refs/branch-heads/4324@{#1784}), userDataDir=C:\Users\satishg\AppData\Local\Temp\scoped_dir3616_1355318160}, timeouts={implicit=0.0, pageLoad=300000.0, script=30000.0}, pageLoadStrategy=normal, unhandledPromptBehavior=dismiss and notify, strictFileInteractability=false, platform=ANY, proxy=Proxy(), goog:chromeOptions={debuggerAddress=localhost:65095}, acceptInsecureCerts=false, browserVersion=88.0.4324.182, browserName=chrome, javascriptEnabled=true, platformName=windows, setWindowRect=true, webauthn:extension:largeBlob=true, webauthn:virtualAuthenticators=true}]
Session ID: 937b70c502e3641ff531b9f68ec35dd6
	at org.openqa.selenium.remote.http.W3CHttpResponseCodec.createException(W3CHttpResponseCodec.java:150)
	at org.openqa.selenium.remote.http.W3CHttpResponseCodec.decode(W3CHttpResponseCodec.java:115)
	at org.openqa.selenium.remote.http.W3CHttpResponseCodec.decode(W3CHttpResponseCodec.java:45)
	at org.openqa.selenium.remote.HttpCommandExecutor.execute(HttpCommandExecutor.java:164)
	at org.openqa.selenium.remote.service.DriverCommandExecutor.execute(DriverCommandExecutor.java:82)
	at org.openqa.selenium.remote.RemoteWebDriver.execute(RemoteWebDriver.java:637)
	at org.openqa.selenium.remote.RemoteWebElement.execute(RemoteWebElement.java:272)
	at org.openqa.selenium.remote.RemoteWebElement.click(RemoteWebElement.java:82)
	at crmframework.crmAutomation.AccountPageTest.verify_TS26_validateBusinessRuleForPhoneNumberTest(AccountPageTest.java:1545)
... Removed 28 stack frames]]>
    </failure>
  </testcase> <!-- verify_TS26_validateBusinessRuleForPhoneNumberTest -->
</testsuite> <!-- Test -->
