<?xml version="1.0" encoding="UTF-8"?>
<testng-results skipped="0" failed="1" total="23" passed="22">
  <reporter-output>
  </reporter-output>
  <suite name="Suite" duration-ms="1164088" started-at="2021-03-03T11:46:56Z" finished-at="2021-03-03T12:06:20Z">
    <groups>
    </groups>
    <test name="Test" duration-ms="1164088" started-at="2021-03-03T11:46:56Z" finished-at="2021-03-03T12:06:20Z">
      <class name="crmframework.crmAutomation.AccountPageTest">
        <test-method status="PASS" signature="initialize()[pri:0, instance:crmframework.crmAutomation.AccountPageTest@61832929]" name="initialize" is-config="true" duration-ms="8256" started-at="2021-03-03T17:16:56Z" finished-at="2021-03-03T17:17:04Z">
          <reporter-output>
          </reporter-output>
        </test-method> <!-- initialize -->
        <test-method status="PASS" signature="TS001_VerifyHomePageTest()[pri:0, instance:crmframework.crmAutomation.AccountPageTest@61832929]" name="TS001_VerifyHomePageTest" duration-ms="121350" started-at="2021-03-03T17:17:04Z" finished-at="2021-03-03T17:19:05Z">
          <reporter-output>
          </reporter-output>
        </test-method> <!-- TS001_VerifyHomePageTest -->
        <test-method status="PASS" signature="TS002_VerifyCreateNewAccountTest()[pri:0, instance:crmframework.crmAutomation.AccountPageTest@61832929]" name="TS002_VerifyCreateNewAccountTest" duration-ms="46562" started-at="2021-03-03T17:19:05Z" finished-at="2021-03-03T17:19:52Z">
          <reporter-output>
          </reporter-output>
        </test-method> <!-- TS002_VerifyCreateNewAccountTest -->
        <test-method status="PASS" signature="TS003_VerifyAddTimelineToAccountTest()[pri:0, instance:crmframework.crmAutomation.AccountPageTest@61832929]" name="TS003_VerifyAddTimelineToAccountTest" duration-ms="40931" started-at="2021-03-03T17:19:52Z" finished-at="2021-03-03T17:20:33Z">
          <reporter-output>
          </reporter-output>
        </test-method> <!-- TS003_VerifyAddTimelineToAccountTest -->
        <test-method status="PASS" signature="TS004_VerifyAddMarketingRelationshipOwnerToAccountTest()[pri:0, instance:crmframework.crmAutomation.AccountPageTest@61832929]" name="TS004_VerifyAddMarketingRelationshipOwnerToAccountTest" duration-ms="35676" started-at="2021-03-03T17:20:33Z" finished-at="2021-03-03T17:21:09Z">
          <reporter-output>
          </reporter-output>
        </test-method> <!-- TS004_VerifyAddMarketingRelationshipOwnerToAccountTest -->
        <test-method status="PASS" signature="TS005_VerifySearchAccountTest()[pri:0, instance:crmframework.crmAutomation.AccountPageTest@61832929]" name="TS005_VerifySearchAccountTest" duration-ms="4249" started-at="2021-03-03T17:21:09Z" finished-at="2021-03-03T17:21:13Z">
          <reporter-output>
          </reporter-output>
        </test-method> <!-- TS005_VerifySearchAccountTest -->
        <test-method status="PASS" signature="TS006_VerifyAuditHistoryTabOnAccountTest()[pri:0, instance:crmframework.crmAutomation.AccountPageTest@61832929]" name="TS006_VerifyAuditHistoryTabOnAccountTest" duration-ms="31638" started-at="2021-03-03T17:21:13Z" finished-at="2021-03-03T17:21:44Z">
          <reporter-output>
          </reporter-output>
        </test-method> <!-- TS006_VerifyAuditHistoryTabOnAccountTest -->
        <test-method status="PASS" signature="TS007_VerifyParentAccountTest()[pri:0, instance:crmframework.crmAutomation.AccountPageTest@61832929]" name="TS007_VerifyParentAccountTest" duration-ms="33222" started-at="2021-03-03T17:21:44Z" finished-at="2021-03-03T17:22:18Z">
          <reporter-output>
          </reporter-output>
        </test-method> <!-- TS007_VerifyParentAccountTest -->
        <test-method status="PASS" signature="TS008_VerifyAccountStatusToActivateAccountTest()[pri:0, instance:crmframework.crmAutomation.AccountPageTest@61832929]" name="TS008_VerifyAccountStatusToActivateAccountTest" duration-ms="43771" started-at="2021-03-03T17:22:18Z" finished-at="2021-03-03T17:23:01Z">
          <reporter-output>
          </reporter-output>
        </test-method> <!-- TS008_VerifyAccountStatusToActivateAccountTest -->
        <test-method status="PASS" signature="TS009_VerifyAccountStatusToDeactivateAccountTest()[pri:0, instance:crmframework.crmAutomation.AccountPageTest@61832929]" name="TS009_VerifyAccountStatusToDeactivateAccountTest" duration-ms="62610" started-at="2021-03-03T17:23:01Z" finished-at="2021-03-03T17:24:04Z">
          <reporter-output>
          </reporter-output>
        </test-method> <!-- TS009_VerifyAccountStatusToDeactivateAccountTest -->
        <test-method status="PASS" signature="TS010_VerifyBusinessRuleForPhoneNumberTest()[pri:0, instance:crmframework.crmAutomation.AccountPageTest@61832929]" name="TS010_VerifyBusinessRuleForPhoneNumberTest" duration-ms="42129" started-at="2021-03-03T17:24:04Z" finished-at="2021-03-03T17:24:46Z">
          <reporter-output>
          </reporter-output>
        </test-method> <!-- TS010_VerifyBusinessRuleForPhoneNumberTest -->
        <test-method status="PASS" signature="TS011_VerifyAddNoteToAccountTest()[pri:0, instance:crmframework.crmAutomation.AccountPageTest@61832929]" name="TS011_VerifyAddNoteToAccountTest" duration-ms="65920" started-at="2021-03-03T17:24:46Z" finished-at="2021-03-03T17:25:52Z">
          <reporter-output>
          </reporter-output>
        </test-method> <!-- TS011_VerifyAddNoteToAccountTest -->
        <test-method status="PASS" signature="TS012_VerifyAddNewPostToAccountTest()[pri:0, instance:crmframework.crmAutomation.AccountPageTest@61832929]" name="TS012_VerifyAddNewPostToAccountTest" duration-ms="40533" started-at="2021-03-03T17:25:52Z" finished-at="2021-03-03T17:26:33Z">
          <reporter-output>
          </reporter-output>
        </test-method> <!-- TS012_VerifyAddNewPostToAccountTest -->
        <test-method status="PASS" signature="TS013_VerifyPhoneCallOnAccountTest()[pri:0, instance:crmframework.crmAutomation.AccountPageTest@61832929]" name="TS013_VerifyPhoneCallOnAccountTest" duration-ms="53509" started-at="2021-03-03T17:26:33Z" finished-at="2021-03-03T17:27:26Z">
          <reporter-output>
          </reporter-output>
        </test-method> <!-- TS013_VerifyPhoneCallOnAccountTest -->
        <test-method status="PASS" signature="TS014_VerifyStateAndRegionInGridTest()[pri:0, instance:crmframework.crmAutomation.AccountPageTest@61832929]" name="TS014_VerifyStateAndRegionInGridTest" duration-ms="48991" started-at="2021-03-03T17:27:26Z" finished-at="2021-03-03T17:28:15Z">
          <reporter-output>
          </reporter-output>
        </test-method> <!-- TS014_VerifyStateAndRegionInGridTest -->
        <test-method status="PASS" signature="TS015_VerifyNamePhoneCityInGridTest()[pri:0, instance:crmframework.crmAutomation.AccountPageTest@61832929]" name="TS015_VerifyNamePhoneCityInGridTest" duration-ms="65080" started-at="2021-03-03T17:28:15Z" finished-at="2021-03-03T17:29:20Z">
          <reporter-output>
          </reporter-output>
        </test-method> <!-- TS015_VerifyNamePhoneCityInGridTest -->
        <test-method status="PASS" signature="TS016_VerifySearchusingAccountNameandPhoneTest()[pri:0, instance:crmframework.crmAutomation.AccountPageTest@61832929]" name="TS016_VerifySearchusingAccountNameandPhoneTest" duration-ms="27948" started-at="2021-03-03T17:29:20Z" finished-at="2021-03-03T17:29:48Z">
          <reporter-output>
          </reporter-output>
        </test-method> <!-- TS016_VerifySearchusingAccountNameandPhoneTest -->
        <test-method status="PASS" signature="TS019_VerifyUpdateAccountInformation()[pri:0, instance:crmframework.crmAutomation.AccountPageTest@61832929]" name="TS019_VerifyUpdateAccountInformation" duration-ms="39269" started-at="2021-03-03T17:29:48Z" finished-at="2021-03-03T17:30:27Z">
          <reporter-output>
          </reporter-output>
        </test-method> <!-- TS019_VerifyUpdateAccountInformation -->
        <test-method status="PASS" signature="TS020_VerifyAddContactTest()[pri:0, instance:crmframework.crmAutomation.AccountPageTest@61832929]" name="TS020_VerifyAddContactTest" duration-ms="44355" started-at="2021-03-03T17:30:27Z" finished-at="2021-03-03T17:31:12Z">
          <reporter-output>
          </reporter-output>
        </test-method> <!-- TS020_VerifyAddContactTest -->
        <test-method status="PASS" signature="TS021_VerifyUpdateContactsFromAccountFormTest()[pri:0, instance:crmframework.crmAutomation.AccountPageTest@61832929]" name="TS021_VerifyUpdateContactsFromAccountFormTest" duration-ms="52688" started-at="2021-03-03T17:31:12Z" finished-at="2021-03-03T17:32:05Z">
          <reporter-output>
          </reporter-output>
        </test-method> <!-- TS021_VerifyUpdateContactsFromAccountFormTest -->
        <test-method status="PASS" signature="TS022_VerifyMediaSegmentationFieldTest()[pri:0, instance:crmframework.crmAutomation.AccountPageTest@61832929]" name="TS022_VerifyMediaSegmentationFieldTest" duration-ms="87651" started-at="2021-03-03T17:32:05Z" finished-at="2021-03-03T17:33:32Z">
          <reporter-output>
          </reporter-output>
        </test-method> <!-- TS022_VerifyMediaSegmentationFieldTest -->
        <test-method status="PASS" signature="TS017_VerifyDuplicateAccountTest()[pri:0, instance:crmframework.crmAutomation.AccountPageTest@61832929]" name="TS017_VerifyDuplicateAccountTest" duration-ms="91649" started-at="2021-03-03T17:33:32Z" finished-at="2021-03-03T17:35:04Z">
          <reporter-output>
          </reporter-output>
        </test-method> <!-- TS017_VerifyDuplicateAccountTest -->
        <test-method status="FAIL" signature="TS024_ManualFail_VerifyAssociatedContactsAccountStatusOfDeactivatedAccountTest()[pri:0, instance:crmframework.crmAutomation.AccountPageTest@61832929]" name="TS024_ManualFail_VerifyAssociatedContactsAccountStatusOfDeactivatedAccountTest" duration-ms="42265" started-at="2021-03-03T17:35:04Z" finished-at="2021-03-03T17:35:46Z">
          <exception class="java.lang.AssertionError">
            <message>
              <![CDATA[expected [true] but found [false]]]>
            </message>
            <full-stacktrace>
              <![CDATA[java.lang.AssertionError: expected [true] but found [false]
	at org.testng.Assert.fail(Assert.java:94)
	at org.testng.Assert.failNotEquals(Assert.java:494)
	at org.testng.Assert.assertTrue(Assert.java:42)
	at org.testng.Assert.assertTrue(Assert.java:52)
	at crmframework.crmAutomation.AccountPageTest.TS024_ManualFail_VerifyAssociatedContactsAccountStatusOfDeactivatedAccountTest(AccountPageTest.java:1482)
	at sun.reflect.NativeMethodAccessorImpl.invoke0(Native Method)
	at sun.reflect.NativeMethodAccessorImpl.invoke(Unknown Source)
	at sun.reflect.DelegatingMethodAccessorImpl.invoke(Unknown Source)
	at java.lang.reflect.Method.invoke(Unknown Source)
	at org.testng.internal.MethodInvocationHelper.invokeMethod(MethodInvocationHelper.java:80)
	at org.testng.internal.Invoker.invokeMethod(Invoker.java:714)
	at org.testng.internal.Invoker.invokeTestMethod(Invoker.java:901)
	at org.testng.internal.Invoker.invokeTestMethods(Invoker.java:1231)
	at org.testng.internal.TestMethodWorker.invokeTestMethods(TestMethodWorker.java:127)
	at org.testng.internal.TestMethodWorker.run(TestMethodWorker.java:111)
	at org.testng.TestRunner.privateRun(TestRunner.java:767)
	at org.testng.TestRunner.run(TestRunner.java:617)
	at org.testng.SuiteRunner.runTest(SuiteRunner.java:334)
	at org.testng.SuiteRunner.runSequentially(SuiteRunner.java:329)
	at org.testng.SuiteRunner.privateRun(SuiteRunner.java:291)
	at org.testng.SuiteRunner.run(SuiteRunner.java:240)
	at org.testng.SuiteRunnerWorker.runSuite(SuiteRunnerWorker.java:52)
	at org.testng.SuiteRunnerWorker.run(SuiteRunnerWorker.java:86)
	at org.testng.TestNG.runSuitesSequentially(TestNG.java:1198)
	at org.testng.TestNG.runSuitesLocally(TestNG.java:1123)
	at org.testng.TestNG.run(TestNG.java:1031)
	at org.testng.remote.AbstractRemoteTestNG.run(AbstractRemoteTestNG.java:132)
	at org.testng.remote.RemoteTestNG.initAndRun(RemoteTestNG.java:236)
	at org.testng.remote.RemoteTestNG.main(RemoteTestNG.java:81)
]]>
            </full-stacktrace>
          </exception> <!-- java.lang.AssertionError -->
          <reporter-output>
          </reporter-output>
        </test-method> <!-- TS024_ManualFail_VerifyAssociatedContactsAccountStatusOfDeactivatedAccountTest -->
        <test-method status="PASS" signature="TS018_VerifyDeactivateAccountTest()[pri:0, instance:crmframework.crmAutomation.AccountPageTest@61832929]" name="TS018_VerifyDeactivateAccountTest" duration-ms="30656" started-at="2021-03-03T17:35:46Z" finished-at="2021-03-03T17:36:17Z">
          <reporter-output>
          </reporter-output>
        </test-method> <!-- TS018_VerifyDeactivateAccountTest -->
        <test-method status="PASS" signature="closeDriver()[pri:0, instance:crmframework.crmAutomation.AccountPageTest@61832929]" name="closeDriver" is-config="true" duration-ms="2694" started-at="2021-03-03T17:36:17Z" finished-at="2021-03-03T17:36:20Z">
          <reporter-output>
          </reporter-output>
        </test-method> <!-- closeDriver -->
      </class> <!-- crmframework.crmAutomation.AccountPageTest -->
    </test> <!-- Test -->
  </suite> <!-- Suite -->
</testng-results>
